<?xml version="1.0" encoding="UTF-8"?>
<coverage generated="1782358845255" clover="3.2.0">
  <project timestamp="1782358845255" name="All files">
    <metrics statements="228" coveredstatements="69" conditionals="260" coveredconditionals="72" methods="94" coveredmethods="21" elements="582" coveredelements="162" complexity="0" loc="228" ncloc="228" packages="2" files="12" classes="12"/>
    <package name="lib">
      <metrics statements="214" coveredstatements="69" conditionals="254" coveredconditionals="72" methods="88" coveredmethods="21"/>
      <file name="animations.ts" path="/home/can/Document/movie-stream/lib/animations.ts">
        <metrics statements="6" coveredstatements="0" conditionals="0" coveredconditionals="0" methods="0" coveredmethods="0"/>
        <line num="3" count="0" type="stmt"/>
        <line num="12" count="0" type="stmt"/>
        <line num="17" count="0" type="stmt"/>
        <line num="25" count="0" type="stmt"/>
        <line num="34" count="0" type="stmt"/>
        <line num="43" count="0" type="stmt"/>
      </file>
      <file name="catalog.ts" path="/home/can/Document/movie-stream/lib/catalog.ts">
        <metrics statements="79" coveredstatements="0" conditionals="107" coveredconditionals="0" methods="44" coveredmethods="0"/>
        <line num="81" count="0" type="stmt"/>
        <line num="82" count="0" type="stmt"/>
        <line num="83" count="0" type="cond" truecount="0" falsecount="2"/>
        <line num="85" count="0" type="stmt"/>
        <line num="86" count="0" type="stmt"/>
        <line num="87" count="0" type="stmt"/>
        <line num="88" count="0" type="stmt"/>
        <line num="92" count="0" type="stmt"/>
        <line num="93" count="0" type="stmt"/>
        <line num="97" count="0" type="stmt"/>
        <line num="101" count="0" type="stmt"/>
        <line num="102" count="0" type="cond" truecount="0" falsecount="2"/>
        <line num="103" count="0" type="stmt"/>
        <line num="104" count="0" type="stmt"/>
        <line num="105" count="0" type="stmt"/>
        <line num="107" count="0" type="cond" truecount="0" falsecount="2"/>
        <line num="111" count="0" type="stmt"/>
        <line num="112" count="0" type="stmt"/>
        <line num="113" count="0" type="cond" truecount="0" falsecount="2"/>
        <line num="118" count="0" type="stmt"/>
        <line num="119" count="0" type="stmt"/>
        <line num="120" count="0" type="stmt"/>
        <line num="121" count="0" type="stmt"/>
        <line num="122" count="0" type="stmt"/>
        <line num="123" count="0" type="stmt"/>
        <line num="135" count="0" type="stmt"/>
        <line num="137" count="0" type="stmt"/>
        <line num="138" count="0" type="cond" truecount="0" falsecount="4"/>
        <line num="139" count="0" type="cond" truecount="0" falsecount="4"/>
        <line num="140" count="0" type="cond" truecount="0" falsecount="4"/>
        <line num="141" count="0" type="cond" truecount="0" falsecount="4"/>
        <line num="142" count="0" type="cond" truecount="0" falsecount="4"/>
        <line num="143" count="0" type="cond" truecount="0" falsecount="2"/>
        <line num="144" count="0" type="stmt"/>
        <line num="145" count="0" type="stmt"/>
        <line num="150" count="0" type="stmt"/>
        <line num="155" count="0" type="cond" truecount="0" falsecount="2"/>
        <line num="159" count="0" type="stmt"/>
        <line num="162" count="0" type="stmt"/>
        <line num="163" count="0" type="stmt"/>
        <line num="164" count="0" type="stmt"/>
        <line num="172" count="0" type="cond" truecount="0" falsecount="4"/>
        <line num="173" count="0" type="stmt"/>
        <line num="175" count="0" type="stmt"/>
        <line num="180" count="0" type="cond" truecount="0" falsecount="2"/>
        <line num="181" count="0" type="stmt"/>
        <line num="182" count="0" type="stmt"/>
        <line num="190" count="0" type="stmt"/>
        <line num="218" count="0" type="stmt"/>
        <line num="219" count="0" type="cond" truecount="0" falsecount="2"/>
        <line num="220" count="0" type="stmt"/>
        <line num="226" count="0" type="stmt"/>
        <line num="236" count="0" type="stmt"/>
        <line num="245" count="0" type="stmt"/>
        <line num="246" count="0" type="cond" truecount="0" falsecount="2"/>
        <line num="248" count="0" type="stmt"/>
        <line num="260" count="0" type="stmt"/>
        <line num="261" count="0" type="cond" truecount="0" falsecount="2"/>
        <line num="265" count="0" type="stmt"/>
        <line num="269" count="0" type="cond" truecount="0" falsecount="4"/>
        <line num="273" count="0" type="cond" truecount="0" falsecount="2"/>
        <line num="274" count="0" type="stmt"/>
        <line num="275" count="0" type="stmt"/>
        <line num="276" count="0" type="stmt"/>
        <line num="284" count="0" type="stmt"/>
        <line num="285" count="0" type="stmt"/>
        <line num="286" count="0" type="stmt"/>
        <line num="300" count="0" type="stmt"/>
        <line num="302" count="0" type="cond" truecount="0" falsecount="2"/>
        <line num="312" count="0" type="stmt"/>
        <line num="319" count="0" type="cond" truecount="0" falsecount="2"/>
        <line num="320" count="0" type="stmt"/>
        <line num="332" count="0" type="cond" truecount="0" falsecount="2"/>
        <line num="333" count="0" type="stmt"/>
        <line num="334" count="0" type="stmt"/>
        <line num="343" count="0" type="stmt"/>
        <line num="347" count="0" type="stmt"/>
        <line num="351" count="0" type="cond" truecount="0" falsecount="5"/>
        <line num="352" count="0" type="stmt"/>
      </file>
      <file name="data.ts" path="/home/can/Document/movie-stream/lib/data.ts">
        <metrics statements="61" coveredstatements="47" conditionals="66" coveredconditionals="40" methods="28" coveredmethods="17"/>
        <line num="89" count="140" type="stmt"/>
        <line num="93" count="140" type="stmt"/>
        <line num="94" count="140" type="cond" truecount="1" falsecount="1"/>
        <line num="95" count="140" type="stmt"/>
        <line num="113" count="4605" type="stmt"/>
        <line num="114" count="4605" type="cond" truecount="1" falsecount="1"/>
        <line num="115" count="4605" type="stmt"/>
        <line num="135" count="140" type="stmt"/>
        <line num="136" count="140" type="stmt"/>
        <line num="137" count="140" type="stmt"/>
        <line num="138" count="140" type="stmt"/>
        <line num="146" count="140" type="cond" truecount="2" falsecount="0"/>
        <line num="147" count="70" type="cond" truecount="1" falsecount="1"/>
        <line num="152" count="140" type="stmt"/>
        <line num="159" count="0" type="stmt"/>
        <line num="160" count="0" type="stmt"/>
        <line num="162" count="0" type="stmt"/>
        <line num="163" count="0" type="cond" truecount="0" falsecount="4"/>
        <line num="164" count="0" type="stmt"/>
        <line num="172" count="0" type="stmt"/>
        <line num="173" count="0" type="cond" truecount="0" falsecount="2"/>
        <line num="174" count="0" type="stmt"/>
        <line num="193" count="0" type="stmt"/>
        <line num="194" count="0" type="cond" truecount="0" falsecount="2"/>
        <line num="195" count="0" type="stmt"/>
        <line num="202" count="70" type="stmt"/>
        <line num="203" count="241" type="stmt"/>
        <line num="204" count="241" type="stmt"/>
        <line num="205" count="241" type="stmt"/>
        <line num="213" count="4605" type="stmt"/>
        <line num="214" count="4605" type="stmt"/>
        <line num="215" count="4605" type="stmt"/>
        <line num="235" count="1" type="stmt"/>
        <line num="237" count="1" type="stmt"/>
        <line num="238" count="140" type="cond" truecount="3" falsecount="0"/>
        <line num="239" count="140" type="stmt"/>
        <line num="241" count="140" type="stmt"/>
        <line num="242" count="140" type="stmt"/>
        <line num="243" count="140" type="stmt"/>
        <line num="244" count="227" type="stmt"/>
        <line num="247" count="0" type="stmt"/>
        <line num="251" count="0" type="stmt"/>
        <line num="252" count="0" type="cond" truecount="0" falsecount="2"/>
        <line num="257" count="1" type="stmt"/>
        <line num="258" count="1" type="stmt"/>
        <line num="260" count="1" type="stmt"/>
        <line num="261" count="140" type="cond" truecount="1" falsecount="1"/>
        <line num="262" count="140" type="cond" truecount="1" falsecount="1"/>
        <line num="263" count="140" type="stmt"/>
        <line num="264" count="140" type="stmt"/>
        <line num="267" count="1" type="stmt"/>
        <line num="278" count="10" type="stmt"/>
        <line num="279" count="1400" type="cond" truecount="4" falsecount="0"/>
        <line num="280" count="1190" type="cond" truecount="4" falsecount="0"/>
        <line num="281" count="1003" type="cond" truecount="4" falsecount="0"/>
        <line num="282" count="863" type="cond" truecount="4" falsecount="0"/>
        <line num="283" count="728" type="cond" truecount="4" falsecount="0"/>
        <line num="284" count="588" type="cond" truecount="2" falsecount="0"/>
        <line num="285" count="280" type="stmt"/>
        <line num="286" count="280" type="stmt"/>
        <line num="291" count="308" type="stmt"/>
      </file>
      <file name="env.ts" path="/home/can/Document/movie-stream/lib/env.ts">
        <metrics statements="12" coveredstatements="0" conditionals="4" coveredconditionals="0" methods="2" coveredmethods="0"/>
        <line num="1" count="0" type="stmt"/>
        <line num="6" count="0" type="stmt"/>
        <line num="12" count="0" type="stmt"/>
        <line num="14" count="0" type="stmt"/>
        <line num="15" count="0" type="cond" truecount="0" falsecount="2"/>
        <line num="16" count="0" type="stmt"/>
        <line num="20" count="0" type="cond" truecount="0" falsecount="2"/>
        <line num="21" count="0" type="stmt"/>
        <line num="27" count="0" type="stmt"/>
        <line num="31" count="0" type="stmt"/>
        <line num="32" count="0" type="stmt"/>
        <line num="33" count="0" type="stmt"/>
      </file>
      <file name="images.ts" path="/home/can/Document/movie-stream/lib/images.ts">
        <metrics statements="11" coveredstatements="11" conditionals="25" coveredconditionals="24" methods="3" coveredmethods="3"/>
        <line num="1" count="2" type="stmt"/>
        <line num="6" count="291" type="cond" truecount="2" falsecount="0"/>
        <line num="7" count="290" type="cond" truecount="2" falsecount="0"/>
        <line num="8" count="288" type="cond" truecount="2" falsecount="0"/>
        <line num="12" count="147" type="cond" truecount="2" falsecount="0"/>
        <line num="13" count="144" type="cond" truecount="4" falsecount="0"/>
        <line num="14" count="142" type="stmt"/>
        <line num="18" count="145" type="cond" truecount="2" falsecount="0"/>
        <line num="19" count="143" type="cond" truecount="2" falsecount="0"/>
        <line num="20" count="142" type="cond" truecount="5" falsecount="1"/>
        <line num="21" count="145" type="stmt"/>
      </file>
      <file name="nxsha.ts" path="/home/can/Document/movie-stream/lib/nxsha.ts">
        <metrics statements="11" coveredstatements="11" conditionals="8" coveredconditionals="8" methods="1" coveredmethods="1"/>
        <line num="3" count="2" type="stmt"/>
        <line num="4" count="2" type="stmt"/>
        <line num="5" count="2" type="stmt"/>
        <line num="15" count="2" type="stmt"/>
        <line num="18" count="4753" type="cond" truecount="2" falsecount="0"/>
        <line num="19" count="4753" type="cond" truecount="2" falsecount="0"/>
        <line num="21" count="4751" type="cond" truecount="2" falsecount="0"/>
        <line num="22" count="4753" type="stmt"/>
        <line num="23" count="4753" type="stmt"/>
        <line num="24" count="4753" type="stmt"/>
        <line num="25" count="4753" type="stmt"/>
      </file>
      <file name="rate-limit.ts" path="/home/can/Document/movie-stream/lib/rate-limit.ts">
        <metrics statements="15" coveredstatements="0" conditionals="12" coveredconditionals="0" methods="2" coveredmethods="0"/>
        <line num="1" count="0" type="stmt"/>
        <line num="4" count="0" type="stmt"/>
        <line num="5" count="0" type="stmt"/>
        <line num="7" count="0" type="cond" truecount="0" falsecount="4"/>
        <line num="8" count="0" type="stmt"/>
        <line num="9" count="0" type="stmt"/>
        <line num="12" count="0" type="cond" truecount="0" falsecount="2"/>
        <line num="13" count="0" type="stmt"/>
        <line num="16" count="0" type="stmt"/>
        <line num="17" count="0" type="stmt"/>
        <line num="21" count="0" type="cond" truecount="0" falsecount="2"/>
        <line num="22" count="0" type="stmt"/>
        <line num="23" count="0" type="stmt"/>
        <line num="24" count="0" type="stmt"/>
        <line num="25" count="0" type="cond" truecount="0" falsecount="2"/>
      </file>
      <file name="studio.ts" path="/home/can/Document/movie-stream/lib/studio.ts">
        <metrics statements="18" coveredstatements="0" conditionals="32" coveredconditionals="0" methods="7" coveredmethods="0"/>
        <line num="72" count="0" type="stmt"/>
        <line num="73" count="0" type="stmt"/>
        <line num="74" count="0" type="stmt"/>
        <line num="76" count="0" type="cond" truecount="0" falsecount="4"/>
        <line num="78" count="0" type="stmt"/>
        <line num="84" count="0" type="cond" truecount="0" falsecount="2"/>
        <line num="86" count="0" type="stmt"/>
        <line num="115" count="0" type="stmt"/>
        <line num="116" count="0" type="stmt"/>
        <line num="117" count="0" type="stmt"/>
        <line num="131" count="0" type="stmt"/>
        <line num="132" count="0" type="stmt"/>
        <line num="144" count="0" type="cond" truecount="0" falsecount="2"/>
        <line num="152" count="0" type="stmt"/>
        <line num="153" count="0" type="cond" truecount="0" falsecount="2"/>
        <line num="157" count="0" type="stmt"/>
        <line num="158" count="0" type="stmt"/>
        <line num="160" count="0" type="cond" truecount="0" falsecount="2"/>
      </file>
      <file name="utils.ts" path="/home/can/Document/movie-stream/lib/utils.ts">
        <metrics statements="1" coveredstatements="0" conditionals="0" coveredconditionals="0" methods="1" coveredmethods="0"/>
        <line num="5" count="0" type="stmt"/>
      </file>
    </package>
    <package name="lib.supabase">
      <metrics statements="14" coveredstatements="0" conditionals="6" coveredconditionals="0" methods="6" coveredmethods="0"/>
      <file name="client.ts" path="/home/can/Document/movie-stream/lib/supabase/client.ts">
        <metrics statements="2" coveredstatements="0" conditionals="0" coveredconditionals="0" methods="1" coveredmethods="0"/>
        <line num="5" count="0" type="stmt"/>
        <line num="6" count="0" type="stmt"/>
      </file>
      <file name="env.ts" path="/home/can/Document/movie-stream/lib/supabase/env.ts">
        <metrics statements="5" coveredstatements="0" conditionals="6" coveredconditionals="0" methods="1" coveredmethods="0"/>
        <line num="2" count="0" type="stmt"/>
        <line num="3" count="0" type="cond" truecount="0" falsecount="2"/>
        <line num="5" count="0" type="cond" truecount="0" falsecount="4"/>
        <line num="6" count="0" type="stmt"/>
        <line num="9" count="0" type="stmt"/>
      </file>
      <file name="server.ts" path="/home/can/Document/movie-stream/lib/supabase/server.ts">
        <metrics statements="7" coveredstatements="0" conditionals="0" coveredconditionals="0" methods="4" coveredmethods="0"/>
        <line num="8" count="0" type="stmt"/>
        <line num="9" count="0" type="stmt"/>
        <line num="10" count="0" type="stmt"/>
        <line num="12" count="0" type="stmt"/>
        <line num="15" count="0" type="stmt"/>
        <line num="18" count="0" type="stmt"/>
        <line num="19" count="0" type="stmt"/>
      </file>
    </package>
  </project>
</coverage>
