{"/home/can/Document/movie-stream/lib/animations.ts": {"path":"/home/can/Document/movie-stream/lib/animations.ts","statementMap":{"0":{"start":{"line":3,"column":34},"end":{"line":10,"column":null}},"1":{"start":{"line":12,"column":32},"end":{"line":15,"column":null}},"2":{"start":{"line":17,"column":42},"end":{"line":23,"column":null}},"3":{"start":{"line":25,"column":33},"end":{"line":32,"column":null}},"4":{"start":{"line":34,"column":37},"end":{"line":41,"column":null}},"5":{"start":{"line":43,"column":38},"end":{"line":50,"column":null}}},"fnMap":{},"branchMap":{},"s":{"0":0,"1":0,"2":0,"3":0,"4":0,"5":0},"f":{},"b":{},"meta":{"lastBranch":0,"lastFunction":0,"lastStatement":6,"seen":{"s:3:34:10:Infinity":0,"s:12:32:15:Infinity":1,"s:17:42:23:Infinity":2,"s:25:33:32:Infinity":3,"s:34:37:41:Infinity":4,"s:43:38:50:Infinity":5},"fnNames":{}}}
,"/home/can/Document/movie-stream/lib/catalog.ts": {"path":"/home/can/Document/movie-stream/lib/catalog.ts","statementMap":{"0":{"start":{"line":81,"column":13},"end":{"line":89,"column":null}},"1":{"start":{"line":82,"column":23},"end":{"line":82,"column":null}},"2":{"start":{"line":83,"column":2},"end":{"line":83,"column":null}},"3":{"start":{"line":83,"column":33},"end":{"line":83,"column":null}},"4":{"start":{"line":85,"column":33},"end":{"line":85,"column":null}},"5":{"start":{"line":86,"column":24},"end":{"line":86,"column":null}},"6":{"start":{"line":86,"column":70},"end":{"line":86,"column":80}},"7":{"start":{"line":87,"column":26},"end":{"line":87,"column":null}},"8":{"start":{"line":87,"column":59},"end":{"line":87,"column":89}},"9":{"start":{"line":88,"column":2},"end":{"line":88,"column":null}},"10":{"start":{"line":92,"column":17},"end":{"line":92,"column":null}},"11":{"start":{"line":93,"column":2},"end":{"line":93,"column":null}},"12":{"start":{"line":93,"column":32},"end":{"line":93,"column":51}},"13":{"start":{"line":97,"column":2},"end":{"line":97,"column":null}},"14":{"start":{"line":97,"column":41},"end":{"line":97,"column":67}},"15":{"start":{"line":101,"column":16},"end":{"line":101,"column":null}},"16":{"start":{"line":102,"column":2},"end":{"line":102,"column":null}},"17":{"start":{"line":102,"column":14},"end":{"line":102,"column":null}},"18":{"start":{"line":103,"column":18},"end":{"line":105,"column":null}},"19":{"start":{"line":104,"column":23},"end":{"line":104,"column":59}},"20":{"start":{"line":105,"column":30},"end":{"line":105,"column":66}},"21":{"start":{"line":107,"column":2},"end":{"line":107,"column":null}},"22":{"start":{"line":111,"column":17},"end":{"line":111,"column":null}},"23":{"start":{"line":112,"column":2},"end":{"line":114,"column":null}},"24":{"start":{"line":113,"column":22},"end":{"line":113,"column":103}},"25":{"start":{"line":113,"column":74},"end":{"line":113,"column":102}},"26":{"start":{"line":118,"column":17},"end":{"line":118,"column":null}},"27":{"start":{"line":119,"column":2},"end":{"line":124,"column":null}},"28":{"start":{"line":120,"column":57},"end":{"line":120,"column":69}},"29":{"start":{"line":121,"column":56},"end":{"line":121,"column":69}},"30":{"start":{"line":122,"column":55},"end":{"line":122,"column":68}},"31":{"start":{"line":123,"column":52},"end":{"line":123,"column":62}},"32":{"start":{"line":123,"column":81},"end":{"line":123,"column":86}},"33":{"start":{"line":135,"column":17},"end":{"line":135,"column":null}},"34":{"start":{"line":137,"column":2},"end":{"line":151,"column":null}},"35":{"start":{"line":138,"column":4},"end":{"line":138,"column":null}},"36":{"start":{"line":138,"column":51},"end":{"line":138,"column":null}},"37":{"start":{"line":139,"column":4},"end":{"line":139,"column":null}},"38":{"start":{"line":139,"column":62},"end":{"line":139,"column":null}},"39":{"start":{"line":140,"column":4},"end":{"line":140,"column":null}},"40":{"start":{"line":140,"column":60},"end":{"line":140,"column":null}},"41":{"start":{"line":141,"column":4},"end":{"line":141,"column":null}},"42":{"start":{"line":141,"column":59},"end":{"line":141,"column":null}},"43":{"start":{"line":142,"column":4},"end":{"line":142,"column":null}},"44":{"start":{"line":142,"column":60},"end":{"line":142,"column":null}},"45":{"start":{"line":143,"column":4},"end":{"line":149,"column":null}},"46":{"start":{"line":144,"column":19},"end":{"line":144,"column":null}},"47":{"start":{"line":145,"column":6},"end":{"line":148,"column":null}},"48":{"start":{"line":150,"column":4},"end":{"line":150,"column":null}},"49":{"start":{"line":155,"column":2},"end":{"line":160,"column":null}},"50":{"start":{"line":159,"column":4},"end":{"line":159,"column":null}},"51":{"start":{"line":162,"column":2},"end":{"line":176,"column":null}},"52":{"start":{"line":163,"column":21},"end":{"line":163,"column":null}},"53":{"start":{"line":164,"column":28},"end":{"line":170,"column":null}},"54":{"start":{"line":172,"column":4},"end":{"line":172,"column":null}},"55":{"start":{"line":172,"column":24},"end":{"line":172,"column":null}},"56":{"start":{"line":173,"column":4},"end":{"line":173,"column":null}},"57":{"start":{"line":175,"column":4},"end":{"line":175,"column":null}},"58":{"start":{"line":180,"column":8},"end":{"line":188,"column":null}},"59":{"start":{"line":181,"column":24},"end":{"line":181,"column":50}},"60":{"start":{"line":182,"column":35},"end":{"line":188,"column":6}},"61":{"start":{"line":190,"column":2},"end":{"line":214,"column":null}},"62":{"start":{"line":218,"column":19},"end":{"line":218,"column":null}},"63":{"start":{"line":219,"column":2},"end":{"line":224,"column":null}},"64":{"start":{"line":220,"column":4},"end":{"line":223,"column":null}},"65":{"start":{"line":226,"column":20},"end":{"line":234,"column":null}},"66":{"start":{"line":236,"column":2},"end":{"line":241,"column":null}},"67":{"start":{"line":245,"column":8},"end":{"line":245,"column":null}},"68":{"start":{"line":246,"column":2},"end":{"line":246,"column":null}},"69":{"start":{"line":246,"column":12},"end":{"line":246,"column":null}},"70":{"start":{"line":248,"column":2},"end":{"line":256,"column":null}},"71":{"start":{"line":260,"column":26},"end":{"line":260,"column":null}},"72":{"start":{"line":261,"column":2},"end":{"line":261,"column":null}},"73":{"start":{"line":261,"column":39},"end":{"line":261,"column":113}},"74":{"start":{"line":265,"column":2},"end":{"line":265,"column":null}},"75":{"start":{"line":269,"column":2},"end":{"line":269,"column":null}},"76":{"start":{"line":273,"column":8},"end":{"line":300,"column":null}},"77":{"start":{"line":274,"column":24},"end":{"line":274,"column":53}},"78":{"start":{"line":275,"column":20},"end":{"line":275,"column":53}},"79":{"start":{"line":276,"column":30},"end":{"line":299,"column":6}},"80":{"start":{"line":284,"column":29},"end":{"line":284,"column":59}},"81":{"start":{"line":285,"column":24},"end":{"line":285,"column":59}},"82":{"start":{"line":286,"column":36},"end":{"line":298,"column":10}},"83":{"start":{"line":300,"column":24},"end":{"line":300,"column":50}},"84":{"start":{"line":302,"column":2},"end":{"line":302,"column":null}},"85":{"start":{"line":312,"column":8},"end":{"line":318,"column":null}},"86":{"start":{"line":319,"column":2},"end":{"line":330,"column":null}},"87":{"start":{"line":320,"column":4},"end":{"line":329,"column":null}},"88":{"start":{"line":332,"column":8},"end":{"line":341,"column":null}},"89":{"start":{"line":333,"column":24},"end":{"line":333,"column":50}},"90":{"start":{"line":334,"column":42},"end":{"line":341,"column":6}},"91":{"start":{"line":343,"column":2},"end":{"line":343,"column":null}},"92":{"start":{"line":347,"column":2},"end":{"line":347,"column":null}},"93":{"start":{"line":351,"column":2},"end":{"line":351,"column":null}},"94":{"start":{"line":351,"column":69},"end":{"line":351,"column":null}},"95":{"start":{"line":352,"column":2},"end":{"line":352,"column":null}}},"fnMap":{"0":{"name":"(anonymous_0)","decl":{"start":{"line":81,"column":38},"end":{"line":81,"column":50}},"loc":{"start":{"line":81,"column":50},"end":{"line":89,"column":1}},"line":81},"1":{"name":"(anonymous_1)","decl":{"start":{"line":86,"column":55},"end":{"line":86,"column":60}},"loc":{"start":{"line":86,"column":70},"end":{"line":86,"column":80}},"line":86},"2":{"name":"(anonymous_2)","decl":{"start":{"line":87,"column":41},"end":{"line":87,"column":49}},"loc":{"start":{"line":87,"column":59},"end":{"line":87,"column":89}},"line":87},"3":{"name":"getCatalogTitleBySlug","decl":{"start":{"line":91,"column":22},"end":{"line":91,"column":44}},"loc":{"start":{"line":91,"column":58},"end":{"line":94,"column":null}},"line":91},"4":{"name":"(anonymous_4)","decl":{"start":{"line":93,"column":16},"end":{"line":93,"column":22}},"loc":{"start":{"line":93,"column":32},"end":{"line":93,"column":51}},"line":93},"5":{"name":"getFirstEpisode","decl":{"start":{"line":96,"column":16},"end":{"line":96,"column":32}},"loc":{"start":{"line":96,"column":46},"end":{"line":98,"column":null}},"line":96},"6":{"name":"(anonymous_6)","decl":{"start":{"line":97,"column":24},"end":{"line":97,"column":30}},"loc":{"start":{"line":97,"column":41},"end":{"line":97,"column":67}},"line":97},"7":{"name":"getCatalogEpisode","decl":{"start":{"line":100,"column":22},"end":{"line":100,"column":40}},"loc":{"start":{"line":100,"column":99},"end":{"line":108,"column":null}},"line":100},"8":{"name":"(anonymous_8)","decl":{"start":{"line":104,"column":6},"end":{"line":104,"column":12}},"loc":{"start":{"line":104,"column":23},"end":{"line":104,"column":59}},"line":104},"9":{"name":"(anonymous_9)","decl":{"start":{"line":105,"column":15},"end":{"line":105,"column":21}},"loc":{"start":{"line":105,"column":30},"end":{"line":105,"column":66}},"line":105},"10":{"name":"getRelatedTitles","decl":{"start":{"line":110,"column":22},"end":{"line":110,"column":39}},"loc":{"start":{"line":110,"column":53},"end":{"line":115,"column":null}},"line":110},"11":{"name":"(anonymous_11)","decl":{"start":{"line":113,"column":5},"end":{"line":113,"column":13}},"loc":{"start":{"line":113,"column":22},"end":{"line":113,"column":103}},"line":113},"12":{"name":"(anonymous_12)","decl":{"start":{"line":113,"column":58},"end":{"line":113,"column":64}},"loc":{"start":{"line":113,"column":74},"end":{"line":113,"column":102}},"line":113},"13":{"name":"getCatalogFilters","decl":{"start":{"line":117,"column":22},"end":{"line":117,"column":42}},"loc":{"start":{"line":117,"column":42},"end":{"line":125,"column":null}},"line":117},"14":{"name":"(anonymous_14)","decl":{"start":{"line":120,"column":38},"end":{"line":120,"column":47}},"loc":{"start":{"line":120,"column":57},"end":{"line":120,"column":69}},"line":120},"15":{"name":"(anonymous_15)","decl":{"start":{"line":121,"column":41},"end":{"line":121,"column":46}},"loc":{"start":{"line":121,"column":56},"end":{"line":121,"column":69}},"line":121},"16":{"name":"(anonymous_16)","decl":{"start":{"line":122,"column":40},"end":{"line":122,"column":45}},"loc":{"start":{"line":122,"column":55},"end":{"line":122,"column":68}},"line":122},"17":{"name":"(anonymous_17)","decl":{"start":{"line":123,"column":37},"end":{"line":123,"column":42}},"loc":{"start":{"line":123,"column":52},"end":{"line":123,"column":62}},"line":123},"18":{"name":"(anonymous_18)","decl":{"start":{"line":123,"column":66},"end":{"line":123,"column":72}},"loc":{"start":{"line":123,"column":81},"end":{"line":123,"column":86}},"line":123},"19":{"name":"getFilteredCatalogTitles","decl":{"start":{"line":127,"column":22},"end":{"line":127,"column":47}},"loc":{"start":{"line":134,"column":3},"end":{"line":152,"column":null}},"line":134},"20":{"name":"(anonymous_20)","decl":{"start":{"line":137,"column":16},"end":{"line":137,"column":24}},"loc":{"start":{"line":137,"column":34},"end":{"line":151,"column":3}},"line":137},"21":{"name":"fetchSupabaseTitles","decl":{"start":{"line":154,"column":15},"end":{"line":154,"column":55}},"loc":{"start":{"line":154,"column":55},"end":{"line":177,"column":null}},"line":154},"22":{"name":"mapSupabaseTitle","decl":{"start":{"line":179,"column":9},"end":{"line":179,"column":26}},"loc":{"start":{"line":179,"column":55},"end":{"line":215,"column":null}},"line":179},"23":{"name":"(anonymous_23)","decl":{"start":{"line":181,"column":5},"end":{"line":181,"column":13}},"loc":{"start":{"line":181,"column":24},"end":{"line":181,"column":50}},"line":181},"24":{"name":"(anonymous_24)","decl":{"start":{"line":182,"column":5},"end":{"line":182,"column":23}},"loc":{"start":{"line":182,"column":35},"end":{"line":188,"column":6}},"line":182},"25":{"name":"enrichSupabaseTitle","decl":{"start":{"line":217,"column":9},"end":{"line":217,"column":29}},"loc":{"start":{"line":217,"column":50},"end":{"line":242,"column":null}},"line":217},"26":{"name":"nxshaVideoSource","decl":{"start":{"line":244,"column":9},"end":{"line":244,"column":26}},"loc":{"start":{"line":244,"column":55},"end":{"line":257,"column":null}},"line":244},"27":{"name":"findFallbackTitle","decl":{"start":{"line":259,"column":9},"end":{"line":259,"column":27}},"loc":{"start":{"line":259,"column":41},"end":{"line":262,"column":null}},"line":259},"28":{"name":"(anonymous_28)","decl":{"start":{"line":261,"column":24},"end":{"line":261,"column":30}},"loc":{"start":{"line":261,"column":39},"end":{"line":261,"column":113}},"line":261},"29":{"name":"normalizeTitle","decl":{"start":{"line":264,"column":9},"end":{"line":264,"column":24}},"loc":{"start":{"line":264,"column":39},"end":{"line":266,"column":null}},"line":264},"30":{"name":"hasTmdbMedia","decl":{"start":{"line":268,"column":9},"end":{"line":268,"column":22}},"loc":{"start":{"line":268,"column":36},"end":{"line":270,"column":null}},"line":268},"31":{"name":"mapSupabaseSeasons","decl":{"start":{"line":272,"column":9},"end":{"line":272,"column":28}},"loc":{"start":{"line":272,"column":72},"end":{"line":303,"column":null}},"line":272},"32":{"name":"(anonymous_32)","decl":{"start":{"line":274,"column":5},"end":{"line":274,"column":13}},"loc":{"start":{"line":274,"column":24},"end":{"line":274,"column":53}},"line":274},"33":{"name":"(anonymous_33)","decl":{"start":{"line":275,"column":5},"end":{"line":275,"column":11}},"loc":{"start":{"line":275,"column":20},"end":{"line":275,"column":53}},"line":275},"34":{"name":"(anonymous_34)","decl":{"start":{"line":276,"column":5},"end":{"line":276,"column":18}},"loc":{"start":{"line":276,"column":30},"end":{"line":299,"column":6}},"line":276},"35":{"name":"(anonymous_35)","decl":{"start":{"line":284,"column":9},"end":{"line":284,"column":17}},"loc":{"start":{"line":284,"column":29},"end":{"line":284,"column":59}},"line":284},"36":{"name":"(anonymous_36)","decl":{"start":{"line":285,"column":9},"end":{"line":285,"column":15}},"loc":{"start":{"line":285,"column":24},"end":{"line":285,"column":59}},"line":285},"37":{"name":"(anonymous_37)","decl":{"start":{"line":286,"column":9},"end":{"line":286,"column":23}},"loc":{"start":{"line":286,"column":36},"end":{"line":298,"column":10}},"line":286},"38":{"name":"(anonymous_38)","decl":{"start":{"line":300,"column":5},"end":{"line":300,"column":13}},"loc":{"start":{"line":300,"column":24},"end":{"line":300,"column":50}},"line":300},"39":{"name":"mapEpisodeSources","decl":{"start":{"line":305,"column":9},"end":{"line":305,"column":null}},"loc":{"start":{"line":311,"column":24},"end":{"line":344,"column":null}},"line":311},"40":{"name":"(anonymous_40)","decl":{"start":{"line":333,"column":5},"end":{"line":333,"column":13}},"loc":{"start":{"line":333,"column":24},"end":{"line":333,"column":50}},"line":333},"41":{"name":"(anonymous_41)","decl":{"start":{"line":334,"column":5},"end":{"line":334,"column":30}},"loc":{"start":{"line":334,"column":42},"end":{"line":341,"column":6}},"line":334},"42":{"name":"toCssImage","decl":{"start":{"line":346,"column":9},"end":{"line":346,"column":20}},"loc":{"start":{"line":346,"column":42},"end":{"line":348,"column":null}},"line":346},"43":{"name":"normalizeQuality","decl":{"start":{"line":350,"column":9},"end":{"line":350,"column":26}},"loc":{"start":{"line":350,"column":68},"end":{"line":353,"column":null}},"line":350}},"branchMap":{"0":{"loc":{"start":{"line":83,"column":2},"end":{"line":83,"column":null}},"type":"if","locations":[{"start":{"line":83,"column":2},"end":{"line":83,"column":null}},{"start":{},"end":{}}],"line":83},"1":{"loc":{"start":{"line":102,"column":2},"end":{"line":102,"column":null}},"type":"if","locations":[{"start":{"line":102,"column":2},"end":{"line":102,"column":null}},{"start":{},"end":{}}],"line":102},"2":{"loc":{"start":{"line":107,"column":9},"end":{"line":107,"column":null}},"type":"cond-expr","locations":[{"start":{"line":107,"column":19},"end":{"line":107,"column":40}},{"start":{"line":107,"column":40},"end":{"line":107,"column":null}}],"line":107},"3":{"loc":{"start":{"line":113,"column":22},"end":{"line":113,"column":103}},"type":"binary-expr","locations":[{"start":{"line":113,"column":22},"end":{"line":113,"column":46}},{"start":{"line":113,"column":46},"end":{"line":113,"column":103}}],"line":113},"4":{"loc":{"start":{"line":138,"column":4},"end":{"line":138,"column":null}},"type":"if","locations":[{"start":{"line":138,"column":4},"end":{"line":138,"column":null}},{"start":{},"end":{}}],"line":138},"5":{"loc":{"start":{"line":138,"column":8},"end":{"line":138,"column":51}},"type":"binary-expr","locations":[{"start":{"line":138,"column":8},"end":{"line":138,"column":23}},{"start":{"line":138,"column":23},"end":{"line":138,"column":51}}],"line":138},"6":{"loc":{"start":{"line":139,"column":4},"end":{"line":139,"column":null}},"type":"if","locations":[{"start":{"line":139,"column":4},"end":{"line":139,"column":null}},{"start":{},"end":{}}],"line":139},"7":{"loc":{"start":{"line":139,"column":8},"end":{"line":139,"column":62}},"type":"binary-expr","locations":[{"start":{"line":139,"column":8},"end":{"line":139,"column":24}},{"start":{"line":139,"column":24},"end":{"line":139,"column":62}}],"line":139},"8":{"loc":{"start":{"line":140,"column":4},"end":{"line":140,"column":null}},"type":"if","locations":[{"start":{"line":140,"column":4},"end":{"line":140,"column":null}},{"start":{},"end":{}}],"line":140},"9":{"loc":{"start":{"line":140,"column":8},"end":{"line":140,"column":60}},"type":"binary-expr","locations":[{"start":{"line":140,"column":8},"end":{"line":140,"column":26}},{"start":{"line":140,"column":26},"end":{"line":140,"column":60}}],"line":140},"10":{"loc":{"start":{"line":141,"column":4},"end":{"line":141,"column":null}},"type":"if","locations":[{"start":{"line":141,"column":4},"end":{"line":141,"column":null}},{"start":{},"end":{}}],"line":141},"11":{"loc":{"start":{"line":141,"column":8},"end":{"line":141,"column":59}},"type":"binary-expr","locations":[{"start":{"line":141,"column":8},"end":{"line":141,"column":23}},{"start":{"line":141,"column":23},"end":{"line":141,"column":59}}],"line":141},"12":{"loc":{"start":{"line":142,"column":4},"end":{"line":142,"column":null}},"type":"if","locations":[{"start":{"line":142,"column":4},"end":{"line":142,"column":null}},{"start":{},"end":{}}],"line":142},"13":{"loc":{"start":{"line":142,"column":8},"end":{"line":142,"column":60}},"type":"binary-expr","locations":[{"start":{"line":142,"column":8},"end":{"line":142,"column":26}},{"start":{"line":142,"column":26},"end":{"line":142,"column":60}}],"line":142},"14":{"loc":{"start":{"line":143,"column":4},"end":{"line":149,"column":null}},"type":"if","locations":[{"start":{"line":143,"column":4},"end":{"line":149,"column":null}},{"start":{},"end":{}}],"line":143},"15":{"loc":{"start":{"line":155,"column":2},"end":{"line":160,"column":null}},"type":"if","locations":[{"start":{"line":155,"column":2},"end":{"line":160,"column":null}},{"start":{},"end":{}}],"line":155},"16":{"loc":{"start":{"line":156,"column":4},"end":{"line":157,"column":null}},"type":"binary-expr","locations":[{"start":{"line":156,"column":4},"end":{"line":156,"column":null}},{"start":{"line":157,"column":4},"end":{"line":157,"column":null}}],"line":156},"17":{"loc":{"start":{"line":157,"column":6},"end":{"line":157,"column":null}},"type":"binary-expr","locations":[{"start":{"line":157,"column":6},"end":{"line":157,"column":58}},{"start":{"line":157,"column":58},"end":{"line":157,"column":null}}],"line":157},"18":{"loc":{"start":{"line":172,"column":4},"end":{"line":172,"column":null}},"type":"if","locations":[{"start":{"line":172,"column":4},"end":{"line":172,"column":null}},{"start":{},"end":{}}],"line":172},"19":{"loc":{"start":{"line":172,"column":8},"end":{"line":172,"column":24}},"type":"binary-expr","locations":[{"start":{"line":172,"column":8},"end":{"line":172,"column":17}},{"start":{"line":172,"column":17},"end":{"line":172,"column":24}}],"line":172},"20":{"loc":{"start":{"line":180,"column":19},"end":{"line":180,"column":44}},"type":"binary-expr","locations":[{"start":{"line":180,"column":19},"end":{"line":180,"column":42}},{"start":{"line":180,"column":42},"end":{"line":180,"column":44}}],"line":180},"21":{"loc":{"start":{"line":195,"column":12},"end":{"line":195,"column":null}},"type":"binary-expr","locations":[{"start":{"line":195,"column":12},"end":{"line":195,"column":29}},{"start":{"line":195,"column":29},"end":{"line":195,"column":null}}],"line":195},"22":{"loc":{"start":{"line":196,"column":12},"end":{"line":196,"column":null}},"type":"binary-expr","locations":[{"start":{"line":196,"column":12},"end":{"line":196,"column":29}},{"start":{"line":196,"column":29},"end":{"line":196,"column":null}}],"line":196},"23":{"loc":{"start":{"line":197,"column":14},"end":{"line":197,"column":null}},"type":"binary-expr","locations":[{"start":{"line":197,"column":14},"end":{"line":197,"column":33}},{"start":{"line":197,"column":33},"end":{"line":197,"column":null}}],"line":197},"24":{"loc":{"start":{"line":198,"column":16},"end":{"line":198,"column":null}},"type":"binary-expr","locations":[{"start":{"line":198,"column":16},"end":{"line":198,"column":37}},{"start":{"line":198,"column":37},"end":{"line":198,"column":null}}],"line":198},"25":{"loc":{"start":{"line":199,"column":15},"end":{"line":199,"column":null}},"type":"binary-expr","locations":[{"start":{"line":199,"column":15},"end":{"line":199,"column":35}},{"start":{"line":199,"column":35},"end":{"line":199,"column":null}}],"line":199},"26":{"loc":{"start":{"line":208,"column":12},"end":{"line":208,"column":null}},"type":"cond-expr","locations":[{"start":{"line":208,"column":40},"end":{"line":208,"column":60}},{"start":{"line":208,"column":60},"end":{"line":208,"column":null}}],"line":208},"27":{"loc":{"start":{"line":212,"column":13},"end":{"line":212,"column":null}},"type":"cond-expr","locations":[{"start":{"line":212,"column":34},"end":{"line":212,"column":44}},{"start":{"line":212,"column":44},"end":{"line":212,"column":null}}],"line":212},"28":{"loc":{"start":{"line":219,"column":2},"end":{"line":224,"column":null}},"type":"if","locations":[{"start":{"line":219,"column":2},"end":{"line":224,"column":null}},{"start":{},"end":{}}],"line":219},"29":{"loc":{"start":{"line":222,"column":15},"end":{"line":222,"column":null}},"type":"cond-expr","locations":[{"start":{"line":222,"column":46},"end":{"line":222,"column":72}},{"start":{"line":222,"column":72},"end":{"line":222,"column":null}}],"line":222},"30":{"loc":{"start":{"line":222,"column":15},"end":{"line":222,"column":46}},"type":"binary-expr","locations":[{"start":{"line":222,"column":15},"end":{"line":222,"column":31}},{"start":{"line":222,"column":31},"end":{"line":222,"column":46}}],"line":222},"31":{"loc":{"start":{"line":228,"column":14},"end":{"line":228,"column":null}},"type":"binary-expr","locations":[{"start":{"line":228,"column":14},"end":{"line":228,"column":32}},{"start":{"line":228,"column":32},"end":{"line":228,"column":null}}],"line":228},"32":{"loc":{"start":{"line":229,"column":14},"end":{"line":229,"column":null}},"type":"binary-expr","locations":[{"start":{"line":229,"column":14},"end":{"line":229,"column":32}},{"start":{"line":229,"column":32},"end":{"line":229,"column":null}}],"line":229},"33":{"loc":{"start":{"line":230,"column":19},"end":{"line":230,"column":null}},"type":"binary-expr","locations":[{"start":{"line":230,"column":19},"end":{"line":230,"column":42}},{"start":{"line":230,"column":42},"end":{"line":230,"column":null}}],"line":230},"34":{"loc":{"start":{"line":231,"column":14},"end":{"line":231,"column":null}},"type":"binary-expr","locations":[{"start":{"line":231,"column":14},"end":{"line":231,"column":32}},{"start":{"line":231,"column":32},"end":{"line":231,"column":null}}],"line":231},"35":{"loc":{"start":{"line":246,"column":2},"end":{"line":246,"column":null}},"type":"if","locations":[{"start":{"line":246,"column":2},"end":{"line":246,"column":null}},{"start":{},"end":{}}],"line":246},"36":{"loc":{"start":{"line":261,"column":39},"end":{"line":261,"column":113}},"type":"binary-expr","locations":[{"start":{"line":261,"column":39},"end":{"line":261,"column":67}},{"start":{"line":261,"column":67},"end":{"line":261,"column":113}}],"line":261},"37":{"loc":{"start":{"line":269,"column":17},"end":{"line":269,"column":91}},"type":"binary-expr","locations":[{"start":{"line":269,"column":17},"end":{"line":269,"column":33}},{"start":{"line":269,"column":33},"end":{"line":269,"column":49}},{"start":{"line":269,"column":49},"end":{"line":269,"column":67}},{"start":{"line":269,"column":67},"end":{"line":269,"column":91}}],"line":269},"38":{"loc":{"start":{"line":273,"column":19},"end":{"line":273,"column":38}},"type":"binary-expr","locations":[{"start":{"line":273,"column":19},"end":{"line":273,"column":36}},{"start":{"line":273,"column":36},"end":{"line":273,"column":38}}],"line":273},"39":{"loc":{"start":{"line":280,"column":12},"end":{"line":280,"column":null}},"type":"binary-expr","locations":[{"start":{"line":280,"column":12},"end":{"line":280,"column":27}},{"start":{"line":280,"column":27},"end":{"line":280,"column":null}}],"line":280},"40":{"loc":{"start":{"line":281,"column":16},"end":{"line":281,"column":null}},"type":"binary-expr","locations":[{"start":{"line":281,"column":16},"end":{"line":281,"column":35}},{"start":{"line":281,"column":35},"end":{"line":281,"column":null}}],"line":281},"41":{"loc":{"start":{"line":282,"column":26},"end":{"line":282,"column":67}},"type":"binary-expr","locations":[{"start":{"line":282,"column":26},"end":{"line":282,"column":48}},{"start":{"line":282,"column":48},"end":{"line":282,"column":67}}],"line":282},"42":{"loc":{"start":{"line":283,"column":17},"end":{"line":283,"column":38}},"type":"binary-expr","locations":[{"start":{"line":283,"column":17},"end":{"line":283,"column":36}},{"start":{"line":283,"column":36},"end":{"line":283,"column":38}}],"line":283},"43":{"loc":{"start":{"line":293,"column":20},"end":{"line":293,"column":null}},"type":"binary-expr","locations":[{"start":{"line":293,"column":20},"end":{"line":293,"column":40}},{"start":{"line":293,"column":40},"end":{"line":293,"column":null}}],"line":293},"44":{"loc":{"start":{"line":294,"column":20},"end":{"line":294,"column":null}},"type":"binary-expr","locations":[{"start":{"line":294,"column":20},"end":{"line":294,"column":40}},{"start":{"line":294,"column":40},"end":{"line":294,"column":null}}],"line":294},"45":{"loc":{"start":{"line":295,"column":28},"end":{"line":295,"column":69}},"type":"binary-expr","locations":[{"start":{"line":295,"column":28},"end":{"line":295,"column":50}},{"start":{"line":295,"column":50},"end":{"line":295,"column":69}}],"line":295},"46":{"loc":{"start":{"line":296,"column":19},"end":{"line":296,"column":null}},"type":"binary-expr","locations":[{"start":{"line":296,"column":19},"end":{"line":296,"column":39}},{"start":{"line":296,"column":39},"end":{"line":296,"column":null}}],"line":296},"47":{"loc":{"start":{"line":302,"column":9},"end":{"line":302,"column":null}},"type":"cond-expr","locations":[{"start":{"line":302,"column":30},"end":{"line":302,"column":40}},{"start":{"line":302,"column":40},"end":{"line":302,"column":null}}],"line":302},"48":{"loc":{"start":{"line":319,"column":2},"end":{"line":330,"column":null}},"type":"if","locations":[{"start":{"line":319,"column":2},"end":{"line":330,"column":null}},{"start":{},"end":{}}],"line":319},"49":{"loc":{"start":{"line":332,"column":19},"end":{"line":332,"column":54}},"type":"binary-expr","locations":[{"start":{"line":332,"column":19},"end":{"line":332,"column":52}},{"start":{"line":332,"column":52},"end":{"line":332,"column":54}}],"line":332},"50":{"loc":{"start":{"line":351,"column":2},"end":{"line":351,"column":null}},"type":"if","locations":[{"start":{"line":351,"column":2},"end":{"line":351,"column":null}},{"start":{},"end":{}}],"line":351},"51":{"loc":{"start":{"line":351,"column":6},"end":{"line":351,"column":69}},"type":"binary-expr","locations":[{"start":{"line":351,"column":6},"end":{"line":351,"column":28}},{"start":{"line":351,"column":28},"end":{"line":351,"column":51}},{"start":{"line":351,"column":51},"end":{"line":351,"column":69}}],"line":351}},"s":{"0":0,"1":0,"2":0,"3":0,"4":0,"5":0,"6":0,"7":0,"8":0,"9":0,"10":0,"11":0,"12":0,"13":0,"14":0,"15":0,"16":0,"17":0,"18":0,"19":0,"20":0,"21":0,"22":0,"23":0,"24":0,"25":0,"26":0,"27":0,"28":0,"29":0,"30":0,"31":0,"32":0,"33":0,"34":0,"35":0,"36":0,"37":0,"38":0,"39":0,"40":0,"41":0,"42":0,"43":0,"44":0,"45":0,"46":0,"47":0,"48":0,"49":0,"50":0,"51":0,"52":0,"53":0,"54":0,"55":0,"56":0,"57":0,"58":0,"59":0,"60":0,"61":0,"62":0,"63":0,"64":0,"65":0,"66":0,"67":0,"68":0,"69":0,"70":0,"71":0,"72":0,"73":0,"74":0,"75":0,"76":0,"77":0,"78":0,"79":0,"80":0,"81":0,"82":0,"83":0,"84":0,"85":0,"86":0,"87":0,"88":0,"89":0,"90":0,"91":0,"92":0,"93":0,"94":0,"95":0},"f":{"0":0,"1":0,"2":0,"3":0,"4":0,"5":0,"6":0,"7":0,"8":0,"9":0,"10":0,"11":0,"12":0,"13":0,"14":0,"15":0,"16":0,"17":0,"18":0,"19":0,"20":0,"21":0,"22":0,"23":0,"24":0,"25":0,"26":0,"27":0,"28":0,"29":0,"30":0,"31":0,"32":0,"33":0,"34":0,"35":0,"36":0,"37":0,"38":0,"39":0,"40":0,"41":0,"42":0,"43":0},"b":{"0":[0,0],"1":[0,0],"2":[0,0],"3":[0,0],"4":[0,0],"5":[0,0],"6":[0,0],"7":[0,0],"8":[0,0],"9":[0,0],"10":[0,0],"11":[0,0],"12":[0,0],"13":[0,0],"14":[0,0],"15":[0,0],"16":[0,0],"17":[0,0],"18":[0,0],"19":[0,0],"20":[0,0],"21":[0,0],"22":[0,0],"23":[0,0],"24":[0,0],"25":[0,0],"26":[0,0],"27":[0,0],"28":[0,0],"29":[0,0],"30":[0,0],"31":[0,0],"32":[0,0],"33":[0,0],"34":[0,0],"35":[0,0],"36":[0,0],"37":[0,0,0,0],"38":[0,0],"39":[0,0],"40":[0,0],"41":[0,0],"42":[0,0],"43":[0,0],"44":[0,0],"45":[0,0],"46":[0,0],"47":[0,0],"48":[0,0],"49":[0,0],"50":[0,0],"51":[0,0,0]},"meta":{"lastBranch":52,"lastFunction":44,"lastStatement":96,"seen":{"s:81:13:89:Infinity":0,"f:81:38:81:50":0,"s:82:23:82:Infinity":1,"b:83:2:83:Infinity:undefined:undefined:undefined:undefined":0,"s:83:2:83:Infinity":2,"s:83:33:83:Infinity":3,"s:85:33:85:Infinity":4,"s:86:24:86:Infinity":5,"f:86:55:86:60":1,"s:86:70:86:80":6,"s:87:26:87:Infinity":7,"f:87:41:87:49":2,"s:87:59:87:89":8,"s:88:2:88:Infinity":9,"f:91:22:91:44":3,"s:92:17:92:Infinity":10,"s:93:2:93:Infinity":11,"f:93:16:93:22":4,"s:93:32:93:51":12,"f:96:16:96:32":5,"s:97:2:97:Infinity":13,"f:97:24:97:30":6,"s:97:41:97:67":14,"f:100:22:100:40":7,"s:101:16:101:Infinity":15,"b:102:2:102:Infinity:undefined:undefined:undefined:undefined":1,"s:102:2:102:Infinity":16,"s:102:14:102:Infinity":17,"s:103:18:105:Infinity":18,"f:104:6:104:12":8,"s:104:23:104:59":19,"f:105:15:105:21":9,"s:105:30:105:66":20,"s:107:2:107:Infinity":21,"b:107:19:107:40:107:40:107:Infinity":2,"f:110:22:110:39":10,"s:111:17:111:Infinity":22,"s:112:2:114:Infinity":23,"f:113:5:113:13":11,"s:113:22:113:103":24,"b:113:22:113:46:113:46:113:103":3,"f:113:58:113:64":12,"s:113:74:113:102":25,"f:117:22:117:42":13,"s:118:17:118:Infinity":26,"s:119:2:124:Infinity":27,"f:120:38:120:47":14,"s:120:57:120:69":28,"f:121:41:121:46":15,"s:121:56:121:69":29,"f:122:40:122:45":16,"s:122:55:122:68":30,"f:123:37:123:42":17,"s:123:52:123:62":31,"f:123:66:123:72":18,"s:123:81:123:86":32,"f:127:22:127:47":19,"s:135:17:135:Infinity":33,"s:137:2:151:Infinity":34,"f:137:16:137:24":20,"b:138:4:138:Infinity:undefined:undefined:undefined:undefined":4,"s:138:4:138:Infinity":35,"b:138:8:138:23:138:23:138:51":5,"s:138:51:138:Infinity":36,"b:139:4:139:Infinity:undefined:undefined:undefined:undefined":6,"s:139:4:139:Infinity":37,"b:139:8:139:24:139:24:139:62":7,"s:139:62:139:Infinity":38,"b:140:4:140:Infinity:undefined:undefined:undefined:undefined":8,"s:140:4:140:Infinity":39,"b:140:8:140:26:140:26:140:60":9,"s:140:60:140:Infinity":40,"b:141:4:141:Infinity:undefined:undefined:undefined:undefined":10,"s:141:4:141:Infinity":41,"b:141:8:141:23:141:23:141:59":11,"s:141:59:141:Infinity":42,"b:142:4:142:Infinity:undefined:undefined:undefined:undefined":12,"s:142:4:142:Infinity":43,"b:142:8:142:26:142:26:142:60":13,"s:142:60:142:Infinity":44,"b:143:4:149:Infinity:undefined:undefined:undefined:undefined":14,"s:143:4:149:Infinity":45,"s:144:19:144:Infinity":46,"s:145:6:148:Infinity":47,"s:150:4:150:Infinity":48,"f:154:15:154:55":21,"b:155:2:160:Infinity:undefined:undefined:undefined:undefined":15,"s:155:2:160:Infinity":49,"b:156:4:156:Infinity:157:4:157:Infinity":16,"b:157:6:157:58:157:58:157:Infinity":17,"s:159:4:159:Infinity":50,"s:162:2:176:Infinity":51,"s:163:21:163:Infinity":52,"s:164:28:170:Infinity":53,"b:172:4:172:Infinity:undefined:undefined:undefined:undefined":18,"s:172:4:172:Infinity":54,"b:172:8:172:17:172:17:172:24":19,"s:172:24:172:Infinity":55,"s:173:4:173:Infinity":56,"s:175:4:175:Infinity":57,"f:179:9:179:26":22,"s:180:8:188:Infinity":58,"b:180:19:180:42:180:42:180:44":20,"f:181:5:181:13":23,"s:181:24:181:50":59,"f:182:5:182:23":24,"s:182:35:188:6":60,"s:190:2:214:Infinity":61,"b:195:12:195:29:195:29:195:Infinity":21,"b:196:12:196:29:196:29:196:Infinity":22,"b:197:14:197:33:197:33:197:Infinity":23,"b:198:16:198:37:198:37:198:Infinity":24,"b:199:15:199:35:199:35:199:Infinity":25,"b:208:40:208:60:208:60:208:Infinity":26,"b:212:34:212:44:212:44:212:Infinity":27,"f:217:9:217:29":25,"s:218:19:218:Infinity":62,"b:219:2:224:Infinity:undefined:undefined:undefined:undefined":28,"s:219:2:224:Infinity":63,"s:220:4:223:Infinity":64,"b:222:46:222:72:222:72:222:Infinity":29,"b:222:15:222:31:222:31:222:46":30,"s:226:20:234:Infinity":65,"b:228:14:228:32:228:32:228:Infinity":31,"b:229:14:229:32:229:32:229:Infinity":32,"b:230:19:230:42:230:42:230:Infinity":33,"b:231:14:231:32:231:32:231:Infinity":34,"s:236:2:241:Infinity":66,"f:244:9:244:26":26,"s:245:8:245:Infinity":67,"b:246:2:246:Infinity:undefined:undefined:undefined:undefined":35,"s:246:2:246:Infinity":68,"s:246:12:246:Infinity":69,"s:248:2:256:Infinity":70,"f:259:9:259:27":27,"s:260:26:260:Infinity":71,"s:261:2:261:Infinity":72,"f:261:24:261:30":28,"s:261:39:261:113":73,"b:261:39:261:67:261:67:261:113":36,"f:264:9:264:24":29,"s:265:2:265:Infinity":74,"f:268:9:268:22":30,"s:269:2:269:Infinity":75,"b:269:17:269:33:269:33:269:49:269:49:269:67:269:67:269:91":37,"f:272:9:272:28":31,"s:273:8:300:Infinity":76,"b:273:19:273:36:273:36:273:38":38,"f:274:5:274:13":32,"s:274:24:274:53":77,"f:275:5:275:11":33,"s:275:20:275:53":78,"f:276:5:276:18":34,"s:276:30:299:6":79,"b:280:12:280:27:280:27:280:Infinity":39,"b:281:16:281:35:281:35:281:Infinity":40,"b:282:26:282:48:282:48:282:67":41,"b:283:17:283:36:283:36:283:38":42,"f:284:9:284:17":35,"s:284:29:284:59":80,"f:285:9:285:15":36,"s:285:24:285:59":81,"f:286:9:286:23":37,"s:286:36:298:10":82,"b:293:20:293:40:293:40:293:Infinity":43,"b:294:20:294:40:294:40:294:Infinity":44,"b:295:28:295:50:295:50:295:69":45,"b:296:19:296:39:296:39:296:Infinity":46,"f:300:5:300:13":38,"s:300:24:300:50":83,"s:302:2:302:Infinity":84,"b:302:30:302:40:302:40:302:Infinity":47,"f:305:9:305:Infinity":39,"s:312:8:318:Infinity":85,"b:319:2:330:Infinity:undefined:undefined:undefined:undefined":48,"s:319:2:330:Infinity":86,"s:320:4:329:Infinity":87,"s:332:8:341:Infinity":88,"b:332:19:332:52:332:52:332:54":49,"f:333:5:333:13":40,"s:333:24:333:50":89,"f:334:5:334:30":41,"s:334:42:341:6":90,"s:343:2:343:Infinity":91,"f:346:9:346:20":42,"s:347:2:347:Infinity":92,"f:350:9:350:26":43,"b:351:2:351:Infinity:undefined:undefined:undefined:undefined":50,"s:351:2:351:Infinity":93,"b:351:6:351:28:351:28:351:51:351:51:351:69":51,"s:351:69:351:Infinity":94,"s:352:2:352:Infinity":95},"fnNames":{}}}
,"/home/can/Document/movie-stream/lib/data.ts": {"path":"/home/can/Document/movie-stream/lib/data.ts","statementMap":{"0":{"start":{"line":89,"column":2},"end":{"line":89,"column":null}},"1":{"start":{"line":93,"column":8},"end":{"line":93,"column":null}},"2":{"start":{"line":94,"column":2},"end":{"line":94,"column":null}},"3":{"start":{"line":94,"column":12},"end":{"line":94,"column":null}},"4":{"start":{"line":95,"column":2},"end":{"line":103,"column":null}},"5":{"start":{"line":113,"column":8},"end":{"line":113,"column":null}},"6":{"start":{"line":114,"column":2},"end":{"line":114,"column":null}},"7":{"start":{"line":114,"column":12},"end":{"line":114,"column":null}},"8":{"start":{"line":115,"column":2},"end":{"line":123,"column":null}},"9":{"start":{"line":135,"column":13},"end":{"line":135,"column":null}},"10":{"start":{"line":136,"column":17},"end":{"line":136,"column":null}},"11":{"start":{"line":137,"column":8},"end":{"line":137,"column":null}},"12":{"start":{"line":138,"column":23},"end":{"line":144,"column":null}},"13":{"start":{"line":146,"column":2},"end":{"line":150,"column":null}},"14":{"start":{"line":147,"column":4},"end":{"line":149,"column":null}},"15":{"start":{"line":152,"column":2},"end":{"line":152,"column":null}},"16":{"start":{"line":159,"column":2},"end":{"line":189,"column":null}},"17":{"start":{"line":160,"column":24},"end":{"line":160,"column":50}},"18":{"start":{"line":162,"column":23},"end":{"line":162,"column":null}},"19":{"start":{"line":163,"column":21},"end":{"line":163,"column":null}},"20":{"start":{"line":164,"column":6},"end":{"line":188,"column":null}},"21":{"start":{"line":172,"column":28},"end":{"line":172,"column":null}},"22":{"start":{"line":173,"column":24},"end":{"line":173,"column":null}},"23":{"start":{"line":174,"column":10},"end":{"line":186,"column":null}},"24":{"start":{"line":193,"column":16},"end":{"line":193,"column":null}},"25":{"start":{"line":194,"column":22},"end":{"line":194,"column":null}},"26":{"start":{"line":195,"column":2},"end":{"line":195,"column":null}},"27":{"start":{"line":195,"column":51},"end":{"line":195,"column":52}},"28":{"start":{"line":202,"column":2},"end":{"line":229,"column":null}},"29":{"start":{"line":203,"column":25},"end":{"line":203,"column":null}},"30":{"start":{"line":204,"column":21},"end":{"line":204,"column":null}},"31":{"start":{"line":205,"column":4},"end":{"line":228,"column":null}},"32":{"start":{"line":213,"column":30},"end":{"line":213,"column":null}},"33":{"start":{"line":214,"column":26},"end":{"line":214,"column":null}},"34":{"start":{"line":215,"column":8},"end":{"line":226,"column":null}},"35":{"start":{"line":235,"column":19},"end":{"line":235,"column":null}},"36":{"start":{"line":237,"column":31},"end":{"line":239,"column":null}},"37":{"start":{"line":238,"column":20},"end":{"line":238,"column":79}},"38":{"start":{"line":239,"column":24},"end":{"line":239,"column":46}},"39":{"start":{"line":241,"column":22},"end":{"line":241,"column":null}},"40":{"start":{"line":241,"column":67},"end":{"line":241,"column":79}},"41":{"start":{"line":242,"column":25},"end":{"line":242,"column":null}},"42":{"start":{"line":242,"column":66},"end":{"line":242,"column":79}},"43":{"start":{"line":243,"column":24},"end":{"line":243,"column":null}},"44":{"start":{"line":243,"column":65},"end":{"line":243,"column":78}},"45":{"start":{"line":244,"column":21},"end":{"line":244,"column":null}},"46":{"start":{"line":244,"column":62},"end":{"line":244,"column":72}},"47":{"start":{"line":244,"column":91},"end":{"line":244,"column":96}},"48":{"start":{"line":247,"column":2},"end":{"line":247,"column":null}},"49":{"start":{"line":247,"column":32},"end":{"line":247,"column":51}},"50":{"start":{"line":251,"column":2},"end":{"line":253,"column":null}},"51":{"start":{"line":252,"column":22},"end":{"line":252,"column":103}},"52":{"start":{"line":252,"column":74},"end":{"line":252,"column":102}},"53":{"start":{"line":257,"column":15},"end":{"line":257,"column":null}},"54":{"start":{"line":258,"column":30},"end":{"line":258,"column":null}},"55":{"start":{"line":260,"column":2},"end":{"line":265,"column":null}},"56":{"start":{"line":261,"column":16},"end":{"line":261,"column":null}},"57":{"start":{"line":262,"column":4},"end":{"line":262,"column":null}},"58":{"start":{"line":262,"column":23},"end":{"line":262,"column":null}},"59":{"start":{"line":263,"column":4},"end":{"line":263,"column":null}},"60":{"start":{"line":264,"column":4},"end":{"line":264,"column":null}},"61":{"start":{"line":267,"column":2},"end":{"line":267,"column":null}},"62":{"start":{"line":278,"column":2},"end":{"line":292,"column":null}},"63":{"start":{"line":279,"column":4},"end":{"line":279,"column":null}},"64":{"start":{"line":279,"column":51},"end":{"line":279,"column":null}},"65":{"start":{"line":280,"column":4},"end":{"line":280,"column":null}},"66":{"start":{"line":280,"column":62},"end":{"line":280,"column":null}},"67":{"start":{"line":281,"column":4},"end":{"line":281,"column":null}},"68":{"start":{"line":281,"column":60},"end":{"line":281,"column":null}},"69":{"start":{"line":282,"column":4},"end":{"line":282,"column":null}},"70":{"start":{"line":282,"column":59},"end":{"line":282,"column":null}},"71":{"start":{"line":283,"column":4},"end":{"line":283,"column":null}},"72":{"start":{"line":283,"column":60},"end":{"line":283,"column":null}},"73":{"start":{"line":284,"column":4},"end":{"line":290,"column":null}},"74":{"start":{"line":285,"column":19},"end":{"line":285,"column":null}},"75":{"start":{"line":286,"column":6},"end":{"line":289,"column":null}},"76":{"start":{"line":291,"column":4},"end":{"line":291,"column":null}}},"fnMap":{"0":{"name":"posterAsset","decl":{"start":{"line":88,"column":9},"end":{"line":88,"column":21}},"loc":{"start":{"line":88,"column":39},"end":{"line":90,"column":null}},"line":88},"1":{"name":"source","decl":{"start":{"line":92,"column":9},"end":{"line":92,"column":16}},"loc":{"start":{"line":92,"column":118},"end":{"line":104,"column":null}},"line":92},"2":{"name":"episodeSource","decl":{"start":{"line":106,"column":9},"end":{"line":106,"column":null}},"loc":{"start":{"line":112,"column":24},"end":{"line":124,"column":null}},"line":112},"3":{"name":"makeTitle","decl":{"start":{"line":134,"column":9},"end":{"line":134,"column":19}},"loc":{"start":{"line":134,"column":58},"end":{"line":153,"column":null}},"line":134},"4":{"name":"makeSeasonsFromDetails","decl":{"start":{"line":155,"column":9},"end":{"line":155,"column":null}},"loc":{"start":{"line":158,"column":12},"end":{"line":190,"column":null}},"line":158},"5":{"name":"(anonymous_5)","decl":{"start":{"line":160,"column":5},"end":{"line":160,"column":13}},"loc":{"start":{"line":160,"column":24},"end":{"line":160,"column":50}},"line":160},"6":{"name":"(anonymous_6)","decl":{"start":{"line":161,"column":5},"end":{"line":161,"column":10}},"loc":{"start":{"line":161,"column":21},"end":{"line":189,"column":5}},"line":161},"7":{"name":"(anonymous_7)","decl":{"start":{"line":171,"column":34},"end":{"line":171,"column":39}},"loc":{"start":{"line":171,"column":51},"end":{"line":187,"column":9}},"line":171},"8":{"name":"inferSeasonEpisodeCounts","decl":{"start":{"line":192,"column":9},"end":{"line":192,"column":34}},"loc":{"start":{"line":192,"column":52},"end":{"line":196,"column":null}},"line":192},"9":{"name":"(anonymous_9)","decl":{"start":{"line":195,"column":42},"end":{"line":195,"column":51}},"loc":{"start":{"line":195,"column":51},"end":{"line":195,"column":52}},"line":195},"10":{"name":"makeSeasons","decl":{"start":{"line":198,"column":9},"end":{"line":198,"column":null}},"loc":{"start":{"line":201,"column":12},"end":{"line":230,"column":null}},"line":201},"11":{"name":"(anonymous_11)","decl":{"start":{"line":202,"column":23},"end":{"line":202,"column":28}},"loc":{"start":{"line":202,"column":58},"end":{"line":229,"column":3}},"line":202},"12":{"name":"(anonymous_12)","decl":{"start":{"line":212,"column":50},"end":{"line":212,"column":54}},"loc":{"start":{"line":212,"column":74},"end":{"line":227,"column":7}},"line":212},"13":{"name":"(anonymous_13)","decl":{"start":{"line":238,"column":3},"end":{"line":238,"column":11}},"loc":{"start":{"line":238,"column":20},"end":{"line":238,"column":79}},"line":238},"14":{"name":"(anonymous_14)","decl":{"start":{"line":239,"column":3},"end":{"line":239,"column":8}},"loc":{"start":{"line":239,"column":24},"end":{"line":239,"column":46}},"line":239},"15":{"name":"(anonymous_15)","decl":{"start":{"line":241,"column":48},"end":{"line":241,"column":57}},"loc":{"start":{"line":241,"column":67},"end":{"line":241,"column":79}},"line":241},"16":{"name":"(anonymous_16)","decl":{"start":{"line":242,"column":51},"end":{"line":242,"column":56}},"loc":{"start":{"line":242,"column":66},"end":{"line":242,"column":79}},"line":242},"17":{"name":"(anonymous_17)","decl":{"start":{"line":243,"column":50},"end":{"line":243,"column":55}},"loc":{"start":{"line":243,"column":65},"end":{"line":243,"column":78}},"line":243},"18":{"name":"(anonymous_18)","decl":{"start":{"line":244,"column":47},"end":{"line":244,"column":52}},"loc":{"start":{"line":244,"column":62},"end":{"line":244,"column":72}},"line":244},"19":{"name":"(anonymous_19)","decl":{"start":{"line":244,"column":76},"end":{"line":244,"column":82}},"loc":{"start":{"line":244,"column":91},"end":{"line":244,"column":96}},"line":244},"20":{"name":"getTitleBySlug","decl":{"start":{"line":246,"column":16},"end":{"line":246,"column":31}},"loc":{"start":{"line":246,"column":45},"end":{"line":248,"column":null}},"line":246},"21":{"name":"(anonymous_21)","decl":{"start":{"line":247,"column":16},"end":{"line":247,"column":22}},"loc":{"start":{"line":247,"column":32},"end":{"line":247,"column":51}},"line":247},"22":{"name":"getRelated","decl":{"start":{"line":250,"column":16},"end":{"line":250,"column":27}},"loc":{"start":{"line":250,"column":41},"end":{"line":254,"column":null}},"line":250},"23":{"name":"(anonymous_23)","decl":{"start":{"line":252,"column":5},"end":{"line":252,"column":13}},"loc":{"start":{"line":252,"column":22},"end":{"line":252,"column":103}},"line":252},"24":{"name":"(anonymous_24)","decl":{"start":{"line":252,"column":58},"end":{"line":252,"column":64}},"loc":{"start":{"line":252,"column":74},"end":{"line":252,"column":102}},"line":252},"25":{"name":"dedupeTitleSeeds","decl":{"start":{"line":256,"column":9},"end":{"line":256,"column":26}},"loc":{"start":{"line":256,"column":55},"end":{"line":268,"column":null}},"line":256},"26":{"name":"getFilteredTitles","decl":{"start":{"line":270,"column":16},"end":{"line":270,"column":34}},"loc":{"start":{"line":277,"column":3},"end":{"line":293,"column":null}},"line":277},"27":{"name":"(anonymous_27)","decl":{"start":{"line":278,"column":16},"end":{"line":278,"column":24}},"loc":{"start":{"line":278,"column":34},"end":{"line":292,"column":3}},"line":278}},"branchMap":{"0":{"loc":{"start":{"line":94,"column":2},"end":{"line":94,"column":null}},"type":"if","locations":[{"start":{"line":94,"column":2},"end":{"line":94,"column":null}},{"start":{},"end":{}}],"line":94},"1":{"loc":{"start":{"line":114,"column":2},"end":{"line":114,"column":null}},"type":"if","locations":[{"start":{"line":114,"column":2},"end":{"line":114,"column":null}},{"start":{},"end":{}}],"line":114},"2":{"loc":{"start":{"line":143,"column":13},"end":{"line":143,"column":null}},"type":"binary-expr","locations":[{"start":{"line":143,"column":13},"end":{"line":143,"column":29}},{"start":{"line":143,"column":29},"end":{"line":143,"column":null}}],"line":143},"3":{"loc":{"start":{"line":146,"column":2},"end":{"line":150,"column":null}},"type":"if","locations":[{"start":{"line":146,"column":2},"end":{"line":150,"column":null}},{"start":{},"end":{}}],"line":146},"4":{"loc":{"start":{"line":147,"column":20},"end":{"line":149,"column":null}},"type":"cond-expr","locations":[{"start":{"line":148,"column":8},"end":{"line":148,"column":null}},{"start":{"line":149,"column":8},"end":{"line":149,"column":null}}],"line":147},"5":{"loc":{"start":{"line":149,"column":27},"end":{"line":149,"column":94}},"type":"binary-expr","locations":[{"start":{"line":149,"column":27},"end":{"line":149,"column":55}},{"start":{"line":149,"column":55},"end":{"line":149,"column":94}}],"line":149},"6":{"loc":{"start":{"line":163,"column":21},"end":{"line":163,"column":null}},"type":"binary-expr","locations":[{"start":{"line":163,"column":21},"end":{"line":163,"column":61}},{"start":{"line":163,"column":61},"end":{"line":163,"column":null}}],"line":163},"7":{"loc":{"start":{"line":163,"column":33},"end":{"line":163,"column":56}},"type":"binary-expr","locations":[{"start":{"line":163,"column":33},"end":{"line":163,"column":54}},{"start":{"line":163,"column":54},"end":{"line":163,"column":56}}],"line":163},"8":{"loc":{"start":{"line":168,"column":14},"end":{"line":168,"column":null}},"type":"binary-expr","locations":[{"start":{"line":168,"column":14},"end":{"line":168,"column":29}},{"start":{"line":168,"column":29},"end":{"line":168,"column":null}}],"line":168},"9":{"loc":{"start":{"line":169,"column":18},"end":{"line":169,"column":null}},"type":"binary-expr","locations":[{"start":{"line":169,"column":18},"end":{"line":169,"column":37}},{"start":{"line":169,"column":37},"end":{"line":169,"column":null}}],"line":169},"10":{"loc":{"start":{"line":173,"column":24},"end":{"line":173,"column":null}},"type":"cond-expr","locations":[{"start":{"line":173,"column":43},"end":{"line":173,"column":74}},{"start":{"line":173,"column":74},"end":{"line":173,"column":null}}],"line":173},"11":{"loc":{"start":{"line":180,"column":19},"end":{"line":180,"column":null}},"type":"binary-expr","locations":[{"start":{"line":180,"column":19},"end":{"line":180,"column":36}},{"start":{"line":180,"column":36},"end":{"line":180,"column":null}}],"line":180},"12":{"loc":{"start":{"line":181,"column":22},"end":{"line":181,"column":null}},"type":"binary-expr","locations":[{"start":{"line":181,"column":22},"end":{"line":181,"column":42}},{"start":{"line":181,"column":42},"end":{"line":181,"column":null}}],"line":181},"13":{"loc":{"start":{"line":182,"column":22},"end":{"line":182,"column":null}},"type":"binary-expr","locations":[{"start":{"line":182,"column":22},"end":{"line":182,"column":42}},{"start":{"line":182,"column":42},"end":{"line":182,"column":null}}],"line":182},"14":{"loc":{"start":{"line":194,"column":22},"end":{"line":194,"column":null}},"type":"cond-expr","locations":[{"start":{"line":194,"column":30},"end":{"line":194,"column":62}},{"start":{"line":194,"column":62},"end":{"line":194,"column":null}}],"line":194},"15":{"loc":{"start":{"line":221,"column":17},"end":{"line":221,"column":null}},"type":"cond-expr","locations":[{"start":{"line":221,"column":101},"end":{"line":221,"column":111}},{"start":{"line":221,"column":111},"end":{"line":221,"column":null}}],"line":221},"16":{"loc":{"start":{"line":221,"column":17},"end":{"line":221,"column":101}},"type":"binary-expr","locations":[{"start":{"line":221,"column":17},"end":{"line":221,"column":40}},{"start":{"line":221,"column":40},"end":{"line":221,"column":80}},{"start":{"line":221,"column":80},"end":{"line":221,"column":101}}],"line":221},"17":{"loc":{"start":{"line":238,"column":28},"end":{"line":238,"column":78}},"type":"binary-expr","locations":[{"start":{"line":238,"column":28},"end":{"line":238,"column":43}},{"start":{"line":238,"column":43},"end":{"line":238,"column":62}},{"start":{"line":238,"column":62},"end":{"line":238,"column":78}}],"line":238},"18":{"loc":{"start":{"line":252,"column":22},"end":{"line":252,"column":103}},"type":"binary-expr","locations":[{"start":{"line":252,"column":22},"end":{"line":252,"column":46}},{"start":{"line":252,"column":46},"end":{"line":252,"column":103}}],"line":252},"19":{"loc":{"start":{"line":261,"column":16},"end":{"line":261,"column":null}},"type":"cond-expr","locations":[{"start":{"line":261,"column":30},"end":{"line":261,"column":62}},{"start":{"line":261,"column":62},"end":{"line":261,"column":null}}],"line":261},"20":{"loc":{"start":{"line":262,"column":4},"end":{"line":262,"column":null}},"type":"if","locations":[{"start":{"line":262,"column":4},"end":{"line":262,"column":null}},{"start":{},"end":{}}],"line":262},"21":{"loc":{"start":{"line":279,"column":4},"end":{"line":279,"column":null}},"type":"if","locations":[{"start":{"line":279,"column":4},"end":{"line":279,"column":null}},{"start":{},"end":{}}],"line":279},"22":{"loc":{"start":{"line":279,"column":8},"end":{"line":279,"column":51}},"type":"binary-expr","locations":[{"start":{"line":279,"column":8},"end":{"line":279,"column":23}},{"start":{"line":279,"column":23},"end":{"line":279,"column":51}}],"line":279},"23":{"loc":{"start":{"line":280,"column":4},"end":{"line":280,"column":null}},"type":"if","locations":[{"start":{"line":280,"column":4},"end":{"line":280,"column":null}},{"start":{},"end":{}}],"line":280},"24":{"loc":{"start":{"line":280,"column":8},"end":{"line":280,"column":62}},"type":"binary-expr","locations":[{"start":{"line":280,"column":8},"end":{"line":280,"column":24}},{"start":{"line":280,"column":24},"end":{"line":280,"column":62}}],"line":280},"25":{"loc":{"start":{"line":281,"column":4},"end":{"line":281,"column":null}},"type":"if","locations":[{"start":{"line":281,"column":4},"end":{"line":281,"column":null}},{"start":{},"end":{}}],"line":281},"26":{"loc":{"start":{"line":281,"column":8},"end":{"line":281,"column":60}},"type":"binary-expr","locations":[{"start":{"line":281,"column":8},"end":{"line":281,"column":26}},{"start":{"line":281,"column":26},"end":{"line":281,"column":60}}],"line":281},"27":{"loc":{"start":{"line":282,"column":4},"end":{"line":282,"column":null}},"type":"if","locations":[{"start":{"line":282,"column":4},"end":{"line":282,"column":null}},{"start":{},"end":{}}],"line":282},"28":{"loc":{"start":{"line":282,"column":8},"end":{"line":282,"column":59}},"type":"binary-expr","locations":[{"start":{"line":282,"column":8},"end":{"line":282,"column":23}},{"start":{"line":282,"column":23},"end":{"line":282,"column":59}}],"line":282},"29":{"loc":{"start":{"line":283,"column":4},"end":{"line":283,"column":null}},"type":"if","locations":[{"start":{"line":283,"column":4},"end":{"line":283,"column":null}},{"start":{},"end":{}}],"line":283},"30":{"loc":{"start":{"line":283,"column":8},"end":{"line":283,"column":60}},"type":"binary-expr","locations":[{"start":{"line":283,"column":8},"end":{"line":283,"column":26}},{"start":{"line":283,"column":26},"end":{"line":283,"column":60}}],"line":283},"31":{"loc":{"start":{"line":284,"column":4},"end":{"line":290,"column":null}},"type":"if","locations":[{"start":{"line":284,"column":4},"end":{"line":290,"column":null}},{"start":{},"end":{}}],"line":284}},"s":{"0":140,"1":140,"2":140,"3":0,"4":140,"5":4605,"6":4605,"7":0,"8":4605,"9":140,"10":140,"11":140,"12":140,"13":140,"14":70,"15":140,"16":0,"17":0,"18":0,"19":0,"20":0,"21":0,"22":0,"23":0,"24":0,"25":0,"26":0,"27":0,"28":70,"29":241,"30":241,"31":241,"32":4605,"33":4605,"34":4605,"35":1,"36":1,"37":140,"38":140,"39":1,"40":140,"41":1,"42":140,"43":1,"44":140,"45":1,"46":140,"47":227,"48":0,"49":0,"50":0,"51":0,"52":0,"53":1,"54":1,"55":1,"56":140,"57":140,"58":0,"59":140,"60":140,"61":1,"62":10,"63":1400,"64":210,"65":1190,"66":187,"67":1003,"68":140,"69":863,"70":135,"71":728,"72":140,"73":588,"74":280,"75":280,"76":308},"f":{"0":140,"1":140,"2":4605,"3":140,"4":0,"5":0,"6":0,"7":0,"8":0,"9":0,"10":70,"11":241,"12":4605,"13":140,"14":140,"15":140,"16":140,"17":140,"18":140,"19":227,"20":0,"21":0,"22":0,"23":0,"24":0,"25":1,"26":10,"27":1400},"b":{"0":[0,140],"1":[0,4605],"2":[140,140],"3":[70,70],"4":[0,70],"5":[70,0],"6":[0,0],"7":[0,0],"8":[0,0],"9":[0,0],"10":[0,0],"11":[0,0],"12":[0,0],"13":[0,0],"14":[0,0],"15":[1,4604],"16":[4605,241,12],"17":[140,140,140],"18":[0,0],"19":[140,0],"20":[0,140],"21":[210,1190],"22":[1400,420],"23":[187,1003],"24":[1190,210],"25":[140,863],"26":[1003,140],"27":[135,728],"28":[863,140],"29":[140,588],"30":[728,140],"31":[280,308]},"meta":{"lastBranch":32,"lastFunction":28,"lastStatement":77,"seen":{"f:88:9:88:21":0,"s:89:2:89:Infinity":0,"f:92:9:92:16":1,"s:93:8:93:Infinity":1,"b:94:2:94:Infinity:undefined:undefined:undefined:undefined":0,"s:94:2:94:Infinity":2,"s:94:12:94:Infinity":3,"s:95:2:103:Infinity":4,"f:106:9:106:Infinity":2,"s:113:8:113:Infinity":5,"b:114:2:114:Infinity:undefined:undefined:undefined:undefined":1,"s:114:2:114:Infinity":6,"s:114:12:114:Infinity":7,"s:115:2:123:Infinity":8,"f:134:9:134:19":3,"s:135:13:135:Infinity":9,"s:136:17:136:Infinity":10,"s:137:8:137:Infinity":11,"s:138:23:144:Infinity":12,"b:143:13:143:29:143:29:143:Infinity":2,"b:146:2:150:Infinity:undefined:undefined:undefined:undefined":3,"s:146:2:150:Infinity":13,"s:147:4:149:Infinity":14,"b:148:8:148:Infinity:149:8:149:Infinity":4,"b:149:27:149:55:149:55:149:94":5,"s:152:2:152:Infinity":15,"f:155:9:155:Infinity":4,"s:159:2:189:Infinity":16,"f:160:5:160:13":5,"s:160:24:160:50":17,"f:161:5:161:10":6,"s:162:23:162:Infinity":18,"s:163:21:163:Infinity":19,"b:163:21:163:61:163:61:163:Infinity":6,"b:163:33:163:54:163:54:163:56":7,"s:164:6:188:Infinity":20,"b:168:14:168:29:168:29:168:Infinity":8,"b:169:18:169:37:169:37:169:Infinity":9,"f:171:34:171:39":7,"s:172:28:172:Infinity":21,"s:173:24:173:Infinity":22,"b:173:43:173:74:173:74:173:Infinity":10,"s:174:10:186:Infinity":23,"b:180:19:180:36:180:36:180:Infinity":11,"b:181:22:181:42:181:42:181:Infinity":12,"b:182:22:182:42:182:42:182:Infinity":13,"f:192:9:192:34":8,"s:193:16:193:Infinity":24,"s:194:22:194:Infinity":25,"b:194:30:194:62:194:62:194:Infinity":14,"s:195:2:195:Infinity":26,"f:195:42:195:51":9,"s:195:51:195:52":27,"f:198:9:198:Infinity":10,"s:202:2:229:Infinity":28,"f:202:23:202:28":11,"s:203:25:203:Infinity":29,"s:204:21:204:Infinity":30,"s:205:4:228:Infinity":31,"f:212:50:212:54":12,"s:213:30:213:Infinity":32,"s:214:26:214:Infinity":33,"s:215:8:226:Infinity":34,"b:221:101:221:111:221:111:221:Infinity":15,"b:221:17:221:40:221:40:221:80:221:80:221:101":16,"s:235:19:235:Infinity":35,"s:237:31:239:Infinity":36,"f:238:3:238:11":13,"s:238:20:238:79":37,"b:238:28:238:43:238:43:238:62:238:62:238:78":17,"f:239:3:239:8":14,"s:239:24:239:46":38,"s:241:22:241:Infinity":39,"f:241:48:241:57":15,"s:241:67:241:79":40,"s:242:25:242:Infinity":41,"f:242:51:242:56":16,"s:242:66:242:79":42,"s:243:24:243:Infinity":43,"f:243:50:243:55":17,"s:243:65:243:78":44,"s:244:21:244:Infinity":45,"f:244:47:244:52":18,"s:244:62:244:72":46,"f:244:76:244:82":19,"s:244:91:244:96":47,"f:246:16:246:31":20,"s:247:2:247:Infinity":48,"f:247:16:247:22":21,"s:247:32:247:51":49,"f:250:16:250:27":22,"s:251:2:253:Infinity":50,"f:252:5:252:13":23,"s:252:22:252:103":51,"b:252:22:252:46:252:46:252:103":18,"f:252:58:252:64":24,"s:252:74:252:102":52,"f:256:9:256:26":25,"s:257:15:257:Infinity":53,"s:258:30:258:Infinity":54,"s:260:2:265:Infinity":55,"s:261:16:261:Infinity":56,"b:261:30:261:62:261:62:261:Infinity":19,"b:262:4:262:Infinity:undefined:undefined:undefined:undefined":20,"s:262:4:262:Infinity":57,"s:262:23:262:Infinity":58,"s:263:4:263:Infinity":59,"s:264:4:264:Infinity":60,"s:267:2:267:Infinity":61,"f:270:16:270:34":26,"s:278:2:292:Infinity":62,"f:278:16:278:24":27,"b:279:4:279:Infinity:undefined:undefined:undefined:undefined":21,"s:279:4:279:Infinity":63,"b:279:8:279:23:279:23:279:51":22,"s:279:51:279:Infinity":64,"b:280:4:280:Infinity:undefined:undefined:undefined:undefined":23,"s:280:4:280:Infinity":65,"b:280:8:280:24:280:24:280:62":24,"s:280:62:280:Infinity":66,"b:281:4:281:Infinity:undefined:undefined:undefined:undefined":25,"s:281:4:281:Infinity":67,"b:281:8:281:26:281:26:281:60":26,"s:281:60:281:Infinity":68,"b:282:4:282:Infinity:undefined:undefined:undefined:undefined":27,"s:282:4:282:Infinity":69,"b:282:8:282:23:282:23:282:59":28,"s:282:59:282:Infinity":70,"b:283:4:283:Infinity:undefined:undefined:undefined:undefined":29,"s:283:4:283:Infinity":71,"b:283:8:283:26:283:26:283:60":30,"s:283:60:283:Infinity":72,"b:284:4:290:Infinity:undefined:undefined:undefined:undefined":31,"s:284:4:290:Infinity":73,"s:285:19:285:Infinity":74,"s:286:6:289:Infinity":75,"s:291:4:291:Infinity":76},"fnNames":{}}}
,"/home/can/Document/movie-stream/lib/env.ts": {"path":"/home/can/Document/movie-stream/lib/env.ts","statementMap":{"0":{"start":{"line":1,"column":24},"end":{"line":4,"column":null}},"1":{"start":{"line":6,"column":24},"end":{"line":9,"column":null}},"2":{"start":{"line":12,"column":28},"end":{"line":12,"column":null}},"3":{"start":{"line":14,"column":2},"end":{"line":18,"column":null}},"4":{"start":{"line":15,"column":4},"end":{"line":17,"column":null}},"5":{"start":{"line":16,"column":6},"end":{"line":16,"column":null}},"6":{"start":{"line":20,"column":2},"end":{"line":25,"column":null}},"7":{"start":{"line":21,"column":4},"end":{"line":24,"column":null}},"8":{"start":{"line":27,"column":2},"end":{"line":27,"column":null}},"9":{"start":{"line":31,"column":14},"end":{"line":31,"column":null}},"10":{"start":{"line":32,"column":14},"end":{"line":32,"column":null}},"11":{"start":{"line":33,"column":2},"end":{"line":33,"column":null}}},"fnMap":{"0":{"name":"validateEnv","decl":{"start":{"line":11,"column":16},"end":{"line":11,"column":30}},"loc":{"start":{"line":11,"column":30},"end":{"line":28,"column":null}},"line":11},"1":{"name":"getSupabaseEnv","decl":{"start":{"line":30,"column":16},"end":{"line":30,"column":33}},"loc":{"start":{"line":30,"column":33},"end":{"line":34,"column":null}},"line":30}},"branchMap":{"0":{"loc":{"start":{"line":15,"column":4},"end":{"line":17,"column":null}},"type":"if","locations":[{"start":{"line":15,"column":4},"end":{"line":17,"column":null}},{"start":{},"end":{}}],"line":15},"1":{"loc":{"start":{"line":20,"column":2},"end":{"line":25,"column":null}},"type":"if","locations":[{"start":{"line":20,"column":2},"end":{"line":25,"column":null}},{"start":{},"end":{}}],"line":20}},"s":{"0":0,"1":0,"2":0,"3":0,"4":0,"5":0,"6":0,"7":0,"8":0,"9":0,"10":0,"11":0},"f":{"0":0,"1":0},"b":{"0":[0,0],"1":[0,0]},"meta":{"lastBranch":2,"lastFunction":2,"lastStatement":12,"seen":{"s:1:24:4:Infinity":0,"s:6:24:9:Infinity":1,"f:11:16:11:30":0,"s:12:28:12:Infinity":2,"s:14:2:18:Infinity":3,"b:15:4:17:Infinity:undefined:undefined:undefined:undefined":0,"s:15:4:17:Infinity":4,"s:16:6:16:Infinity":5,"b:20:2:25:Infinity:undefined:undefined:undefined:undefined":1,"s:20:2:25:Infinity":6,"s:21:4:24:Infinity":7,"s:27:2:27:Infinity":8,"f:30:16:30:33":1,"s:31:14:31:Infinity":9,"s:32:14:32:Infinity":10,"s:33:2:33:Infinity":11},"fnNames":{}}}
,"/home/can/Document/movie-stream/lib/images.ts": {"path":"/home/can/Document/movie-stream/lib/images.ts","statementMap":{"0":{"start":{"line":1,"column":24},"end":{"line":1,"column":null}},"1":{"start":{"line":6,"column":2},"end":{"line":6,"column":null}},"2":{"start":{"line":6,"column":13},"end":{"line":6,"column":null}},"3":{"start":{"line":7,"column":2},"end":{"line":7,"column":null}},"4":{"start":{"line":7,"column":31},"end":{"line":7,"column":null}},"5":{"start":{"line":8,"column":2},"end":{"line":8,"column":null}},"6":{"start":{"line":12,"column":2},"end":{"line":12,"column":null}},"7":{"start":{"line":12,"column":13},"end":{"line":12,"column":null}},"8":{"start":{"line":13,"column":2},"end":{"line":13,"column":null}},"9":{"start":{"line":13,"column":70},"end":{"line":13,"column":null}},"10":{"start":{"line":14,"column":2},"end":{"line":14,"column":null}},"11":{"start":{"line":18,"column":2},"end":{"line":18,"column":null}},"12":{"start":{"line":18,"column":13},"end":{"line":18,"column":null}},"13":{"start":{"line":19,"column":2},"end":{"line":19,"column":null}},"14":{"start":{"line":19,"column":43},"end":{"line":19,"column":null}},"15":{"start":{"line":20,"column":14},"end":{"line":20,"column":null}},"16":{"start":{"line":21,"column":2},"end":{"line":21,"column":null}}},"fnMap":{"0":{"name":"tmdbImage","decl":{"start":{"line":5,"column":16},"end":{"line":5,"column":26}},"loc":{"start":{"line":5,"column":70},"end":{"line":9,"column":null}},"line":5},"1":{"name":"cssImage","decl":{"start":{"line":11,"column":16},"end":{"line":11,"column":25}},"loc":{"start":{"line":11,"column":78},"end":{"line":15,"column":null}},"line":11},"2":{"name":"posterImage","decl":{"start":{"line":17,"column":16},"end":{"line":17,"column":28}},"loc":{"start":{"line":17,"column":80},"end":{"line":22,"column":null}},"line":17}},"branchMap":{"0":{"loc":{"start":{"line":5,"column":40},"end":{"line":5,"column":70}},"type":"default-arg","locations":[{"start":{"line":5,"column":62},"end":{"line":5,"column":70}}],"line":5},"1":{"loc":{"start":{"line":6,"column":2},"end":{"line":6,"column":null}},"type":"if","locations":[{"start":{"line":6,"column":2},"end":{"line":6,"column":null}},{"start":{},"end":{}}],"line":6},"2":{"loc":{"start":{"line":7,"column":2},"end":{"line":7,"column":null}},"type":"if","locations":[{"start":{"line":7,"column":2},"end":{"line":7,"column":null}},{"start":{},"end":{}}],"line":7},"3":{"loc":{"start":{"line":8,"column":39},"end":{"line":8,"column":null}},"type":"cond-expr","locations":[{"start":{"line":8,"column":62},"end":{"line":8,"column":78}},{"start":{"line":8,"column":78},"end":{"line":8,"column":null}}],"line":8},"4":{"loc":{"start":{"line":11,"column":47},"end":{"line":11,"column":78}},"type":"default-arg","locations":[{"start":{"line":11,"column":69},"end":{"line":11,"column":78}}],"line":11},"5":{"loc":{"start":{"line":12,"column":2},"end":{"line":12,"column":null}},"type":"if","locations":[{"start":{"line":12,"column":2},"end":{"line":12,"column":null}},{"start":{},"end":{}}],"line":12},"6":{"loc":{"start":{"line":13,"column":2},"end":{"line":13,"column":null}},"type":"if","locations":[{"start":{"line":13,"column":2},"end":{"line":13,"column":null}},{"start":{},"end":{}}],"line":13},"7":{"loc":{"start":{"line":13,"column":6},"end":{"line":13,"column":70}},"type":"binary-expr","locations":[{"start":{"line":13,"column":6},"end":{"line":13,"column":33}},{"start":{"line":13,"column":33},"end":{"line":13,"column":70}}],"line":13},"8":{"loc":{"start":{"line":17,"column":50},"end":{"line":17,"column":80}},"type":"default-arg","locations":[{"start":{"line":17,"column":72},"end":{"line":17,"column":80}}],"line":17},"9":{"loc":{"start":{"line":18,"column":2},"end":{"line":18,"column":null}},"type":"if","locations":[{"start":{"line":18,"column":2},"end":{"line":18,"column":null}},{"start":{},"end":{}}],"line":18},"10":{"loc":{"start":{"line":19,"column":2},"end":{"line":19,"column":null}},"type":"if","locations":[{"start":{"line":19,"column":2},"end":{"line":19,"column":null}},{"start":{},"end":{}}],"line":19},"11":{"loc":{"start":{"line":20,"column":14},"end":{"line":20,"column":null}},"type":"cond-expr","locations":[{"start":{"line":20,"column":69},"end":{"line":20,"column":89}},{"start":{"line":20,"column":89},"end":{"line":20,"column":null}}],"line":20},"12":{"loc":{"start":{"line":20,"column":14},"end":{"line":20,"column":69}},"type":"binary-expr","locations":[{"start":{"line":20,"column":14},"end":{"line":20,"column":42}},{"start":{"line":20,"column":42},"end":{"line":20,"column":69}}],"line":20},"13":{"loc":{"start":{"line":20,"column":89},"end":{"line":20,"column":null}},"type":"cond-expr","locations":[{"start":{"line":20,"column":115},"end":{"line":20,"column":135}},{"start":{"line":20,"column":135},"end":{"line":20,"column":null}}],"line":20}},"s":{"0":2,"1":291,"2":1,"3":290,"4":2,"5":288,"6":147,"7":3,"8":144,"9":2,"10":142,"11":145,"12":2,"13":143,"14":1,"15":142,"16":145},"f":{"0":291,"1":147,"2":145},"b":{"0":[291],"1":[1,290],"2":[2,288],"3":[287,1],"4":[147],"5":[3,144],"6":[2,142],"7":[144,143],"8":[145],"9":[2,143],"10":[1,142],"11":[2,140],"12":[142,140],"13":[0,140]},"meta":{"lastBranch":14,"lastFunction":3,"lastStatement":17,"seen":{"s:1:24:1:Infinity":0,"f:5:16:5:26":0,"b:5:62:5:70":0,"b:6:2:6:Infinity:undefined:undefined:undefined:undefined":1,"s:6:2:6:Infinity":1,"s:6:13:6:Infinity":2,"b:7:2:7:Infinity:undefined:undefined:undefined:undefined":2,"s:7:2:7:Infinity":3,"s:7:31:7:Infinity":4,"s:8:2:8:Infinity":5,"b:8:62:8:78:8:78:8:Infinity":3,"f:11:16:11:25":1,"b:11:69:11:78":4,"b:12:2:12:Infinity:undefined:undefined:undefined:undefined":5,"s:12:2:12:Infinity":6,"s:12:13:12:Infinity":7,"b:13:2:13:Infinity:undefined:undefined:undefined:undefined":6,"s:13:2:13:Infinity":8,"b:13:6:13:33:13:33:13:70":7,"s:13:70:13:Infinity":9,"s:14:2:14:Infinity":10,"f:17:16:17:28":2,"b:17:72:17:80":8,"b:18:2:18:Infinity:undefined:undefined:undefined:undefined":9,"s:18:2:18:Infinity":11,"s:18:13:18:Infinity":12,"b:19:2:19:Infinity:undefined:undefined:undefined:undefined":10,"s:19:2:19:Infinity":13,"s:19:43:19:Infinity":14,"s:20:14:20:Infinity":15,"b:20:69:20:89:20:89:20:Infinity":11,"b:20:14:20:42:20:42:20:69":12,"b:20:115:20:135:20:135:20:Infinity":13,"s:21:2:21:Infinity":16},"fnNames":{}}}
,"/home/can/Document/movie-stream/lib/nxsha.ts": {"path":"/home/can/Document/movie-stream/lib/nxsha.ts","statementMap":{"0":{"start":{"line":3,"column":21},"end":{"line":3,"column":null}},"1":{"start":{"line":4,"column":34},"end":{"line":4,"column":null}},"2":{"start":{"line":5,"column":31},"end":{"line":5,"column":null}},"3":{"start":{"line":15,"column":33},"end":{"line":15,"column":null}},"4":{"start":{"line":18,"column":18},"end":{"line":18,"column":null}},"5":{"start":{"line":19,"column":2},"end":{"line":19,"column":null}},"6":{"start":{"line":19,"column":16},"end":{"line":19,"column":null}},"7":{"start":{"line":21,"column":15},"end":{"line":21,"column":null}},"8":{"start":{"line":22,"column":14},"end":{"line":22,"column":null}},"9":{"start":{"line":23,"column":2},"end":{"line":23,"column":null}},"10":{"start":{"line":24,"column":2},"end":{"line":24,"column":null}},"11":{"start":{"line":25,"column":2},"end":{"line":25,"column":null}}},"fnMap":{"0":{"name":"buildNxshaEmbedUrl","decl":{"start":{"line":17,"column":16},"end":{"line":17,"column":35}},"loc":{"start":{"line":17,"column":111},"end":{"line":26,"column":null}},"line":17}},"branchMap":{"0":{"loc":{"start":{"line":17,"column":59},"end":{"line":17,"column":77}},"type":"default-arg","locations":[{"start":{"line":17,"column":74},"end":{"line":17,"column":77}}],"line":17},"1":{"loc":{"start":{"line":17,"column":77},"end":{"line":17,"column":111}},"type":"default-arg","locations":[{"start":{"line":17,"column":93},"end":{"line":17,"column":111}}],"line":17},"2":{"loc":{"start":{"line":18,"column":18},"end":{"line":18,"column":null}},"type":"cond-expr","locations":[{"start":{"line":18,"column":27},"end":{"line":18,"column":44}},{"start":{"line":18,"column":44},"end":{"line":18,"column":null}}],"line":18},"3":{"loc":{"start":{"line":19,"column":2},"end":{"line":19,"column":null}},"type":"if","locations":[{"start":{"line":19,"column":2},"end":{"line":19,"column":null}},{"start":{},"end":{}}],"line":19},"4":{"loc":{"start":{"line":21,"column":15},"end":{"line":21,"column":null}},"type":"cond-expr","locations":[{"start":{"line":21,"column":35},"end":{"line":21,"column":93}},{"start":{"line":21,"column":93},"end":{"line":21,"column":null}}],"line":21}},"s":{"0":2,"1":2,"2":2,"3":2,"4":4753,"5":4753,"6":2,"7":4751,"8":4753,"9":4753,"10":4753,"11":4753},"f":{"0":4753},"b":{"0":[4753],"1":[4753],"2":[4749,4],"3":[2,4751],"4":[4677,74]},"meta":{"lastBranch":5,"lastFunction":1,"lastStatement":12,"seen":{"s:3:21:3:Infinity":0,"s:4:34:4:Infinity":1,"s:5:31:5:Infinity":2,"s:15:33:15:Infinity":3,"f:17:16:17:35":0,"b:17:74:17:77":0,"b:17:93:17:111":1,"s:18:18:18:Infinity":4,"b:18:27:18:44:18:44:18:Infinity":2,"b:19:2:19:Infinity:undefined:undefined:undefined:undefined":3,"s:19:2:19:Infinity":5,"s:19:16:19:Infinity":6,"s:21:15:21:Infinity":7,"b:21:35:21:93:21:93:21:Infinity":4,"s:22:14:22:Infinity":8,"s:23:2:23:Infinity":9,"s:24:2:24:Infinity":10,"s:25:2:25:Infinity":11},"fnNames":{}}}
,"/home/can/Document/movie-stream/lib/rate-limit.ts": {"path":"/home/can/Document/movie-stream/lib/rate-limit.ts","statementMap":{"0":{"start":{"line":1,"column":16},"end":{"line":1,"column":null}},"1":{"start":{"line":4,"column":14},"end":{"line":4,"column":null}},"2":{"start":{"line":5,"column":17},"end":{"line":5,"column":null}},"3":{"start":{"line":7,"column":2},"end":{"line":10,"column":null}},"4":{"start":{"line":8,"column":4},"end":{"line":8,"column":null}},"5":{"start":{"line":9,"column":4},"end":{"line":9,"column":null}},"6":{"start":{"line":12,"column":2},"end":{"line":14,"column":null}},"7":{"start":{"line":13,"column":4},"end":{"line":13,"column":null}},"8":{"start":{"line":16,"column":2},"end":{"line":16,"column":null}},"9":{"start":{"line":17,"column":2},"end":{"line":17,"column":null}},"10":{"start":{"line":21,"column":0},"end":{"line":28,"column":null}},"11":{"start":{"line":22,"column":2},"end":{"line":27,"column":null}},"12":{"start":{"line":23,"column":16},"end":{"line":23,"column":null}},"13":{"start":{"line":24,"column":4},"end":{"line":26,"column":null}},"14":{"start":{"line":25,"column":6},"end":{"line":25,"column":null}},"15":{"start":{"line":25,"column":32},"end":{"line":25,"column":null}}},"fnMap":{"0":{"name":"rateLimit","decl":{"start":{"line":3,"column":16},"end":{"line":3,"column":26}},"loc":{"start":{"line":3,"column":74},"end":{"line":18,"column":null}},"line":3},"1":{"name":"(anonymous_1)","decl":{"start":{"line":22,"column":2},"end":{"line":22,"column":20}},"loc":{"start":{"line":22,"column":20},"end":{"line":27,"column":5}},"line":22}},"branchMap":{"0":{"loc":{"start":{"line":3,"column":39},"end":{"line":3,"column":56}},"type":"default-arg","locations":[{"start":{"line":3,"column":53},"end":{"line":3,"column":56}}],"line":3},"1":{"loc":{"start":{"line":3,"column":56},"end":{"line":3,"column":74}},"type":"default-arg","locations":[{"start":{"line":3,"column":67},"end":{"line":3,"column":74}}],"line":3},"2":{"loc":{"start":{"line":7,"column":2},"end":{"line":10,"column":null}},"type":"if","locations":[{"start":{"line":7,"column":2},"end":{"line":10,"column":null}},{"start":{},"end":{}}],"line":7},"3":{"loc":{"start":{"line":7,"column":6},"end":{"line":7,"column":39}},"type":"binary-expr","locations":[{"start":{"line":7,"column":6},"end":{"line":7,"column":17}},{"start":{"line":7,"column":17},"end":{"line":7,"column":39}}],"line":7},"4":{"loc":{"start":{"line":12,"column":2},"end":{"line":14,"column":null}},"type":"if","locations":[{"start":{"line":12,"column":2},"end":{"line":14,"column":null}},{"start":{},"end":{}}],"line":12},"5":{"loc":{"start":{"line":21,"column":0},"end":{"line":28,"column":null}},"type":"if","locations":[{"start":{"line":21,"column":0},"end":{"line":28,"column":null}},{"start":{},"end":{}}],"line":21},"6":{"loc":{"start":{"line":25,"column":6},"end":{"line":25,"column":null}},"type":"if","locations":[{"start":{"line":25,"column":6},"end":{"line":25,"column":null}},{"start":{},"end":{}}],"line":25}},"s":{"0":0,"1":0,"2":0,"3":0,"4":0,"5":0,"6":0,"7":0,"8":0,"9":0,"10":0,"11":0,"12":0,"13":0,"14":0,"15":0},"f":{"0":0,"1":0},"b":{"0":[0],"1":[0],"2":[0,0],"3":[0,0],"4":[0,0],"5":[0,0],"6":[0,0]},"meta":{"lastBranch":7,"lastFunction":2,"lastStatement":16,"seen":{"s:1:16:1:Infinity":0,"f:3:16:3:26":0,"b:3:53:3:56":0,"b:3:67:3:74":1,"s:4:14:4:Infinity":1,"s:5:17:5:Infinity":2,"b:7:2:10:Infinity:undefined:undefined:undefined:undefined":2,"s:7:2:10:Infinity":3,"b:7:6:7:17:7:17:7:39":3,"s:8:4:8:Infinity":4,"s:9:4:9:Infinity":5,"b:12:2:14:Infinity:undefined:undefined:undefined:undefined":4,"s:12:2:14:Infinity":6,"s:13:4:13:Infinity":7,"s:16:2:16:Infinity":8,"s:17:2:17:Infinity":9,"b:21:0:28:Infinity:undefined:undefined:undefined:undefined":5,"s:21:0:28:Infinity":10,"s:22:2:27:Infinity":11,"f:22:2:22:20":1,"s:23:16:23:Infinity":12,"s:24:4:26:Infinity":13,"b:25:6:25:Infinity:undefined:undefined:undefined:undefined":6,"s:25:6:25:Infinity":14,"s:25:32:25:Infinity":15},"fnNames":{}}}
,"/home/can/Document/movie-stream/lib/studio.ts": {"path":"/home/can/Document/movie-stream/lib/studio.ts","statementMap":{"0":{"start":{"line":72,"column":19},"end":{"line":72,"column":null}},"1":{"start":{"line":73,"column":38},"end":{"line":73,"column":null}},"2":{"start":{"line":74,"column":17},"end":{"line":74,"column":null}},"3":{"start":{"line":76,"column":2},"end":{"line":76,"column":null}},"4":{"start":{"line":76,"column":16},"end":{"line":76,"column":null}},"5":{"start":{"line":78,"column":28},"end":{"line":82,"column":null}},"6":{"start":{"line":84,"column":2},"end":{"line":84,"column":null}},"7":{"start":{"line":84,"column":24},"end":{"line":84,"column":null}},"8":{"start":{"line":86,"column":2},"end":{"line":92,"column":null}},"9":{"start":{"line":115,"column":2},"end":{"line":127,"column":null}},"10":{"start":{"line":116,"column":21},"end":{"line":116,"column":null}},"11":{"start":{"line":117,"column":4},"end":{"line":124,"column":null}},"12":{"start":{"line":131,"column":23},"end":{"line":131,"column":null}},"13":{"start":{"line":132,"column":39},"end":{"line":143,"column":null}},"14":{"start":{"line":144,"column":27},"end":{"line":150,"column":null}},"15":{"start":{"line":152,"column":2},"end":{"line":164,"column":null}},"16":{"start":{"line":153,"column":80},"end":{"line":162,"column":6}},"17":{"start":{"line":157,"column":24},"end":{"line":157,"column":57}},"18":{"start":{"line":158,"column":26},"end":{"line":161,"column":10}},"19":{"start":{"line":160,"column":59},"end":{"line":160,"column":94}}},"fnMap":{"0":{"name":"requireAdmin","decl":{"start":{"line":71,"column":22},"end":{"line":71,"column":37}},"loc":{"start":{"line":71,"column":37},"end":{"line":93,"column":null}},"line":71},"1":{"name":"recordAuditEvent","decl":{"start":{"line":95,"column":22},"end":{"line":95,"column":39}},"loc":{"start":{"line":114,"column":3},"end":{"line":128,"column":null}},"line":114},"2":{"name":"getStudioDashboard","decl":{"start":{"line":130,"column":22},"end":{"line":130,"column":43}},"loc":{"start":{"line":130,"column":43},"end":{"line":165,"column":null}},"line":130},"3":{"name":"(anonymous_3)","decl":{"start":{"line":153,"column":64},"end":{"line":153,"column":69}},"loc":{"start":{"line":153,"column":80},"end":{"line":162,"column":6}},"line":153},"4":{"name":"(anonymous_4)","decl":{"start":{"line":157,"column":9},"end":{"line":157,"column":15}},"loc":{"start":{"line":157,"column":24},"end":{"line":157,"column":57}},"line":157},"5":{"name":"(anonymous_5)","decl":{"start":{"line":158,"column":9},"end":{"line":158,"column":14}},"loc":{"start":{"line":158,"column":26},"end":{"line":161,"column":10}},"line":158},"6":{"name":"(anonymous_6)","decl":{"start":{"line":160,"column":44},"end":{"line":160,"column":50}},"loc":{"start":{"line":160,"column":59},"end":{"line":160,"column":94}},"line":160}},"branchMap":{"0":{"loc":{"start":{"line":76,"column":2},"end":{"line":76,"column":null}},"type":"if","locations":[{"start":{"line":76,"column":2},"end":{"line":76,"column":null}},{"start":{},"end":{}}],"line":76},"1":{"loc":{"start":{"line":76,"column":6},"end":{"line":76,"column":24}},"type":"binary-expr","locations":[{"start":{"line":76,"column":6},"end":{"line":76,"column":15}},{"start":{"line":76,"column":15},"end":{"line":76,"column":24}}],"line":76},"2":{"loc":{"start":{"line":84,"column":2},"end":{"line":84,"column":null}},"type":"if","locations":[{"start":{"line":84,"column":2},"end":{"line":84,"column":null}},{"start":{},"end":{}}],"line":84},"3":{"loc":{"start":{"line":90,"column":14},"end":{"line":90,"column":null}},"type":"binary-expr","locations":[{"start":{"line":90,"column":14},"end":{"line":90,"column":50}},{"start":{"line":90,"column":50},"end":{"line":90,"column":null}}],"line":90},"4":{"loc":{"start":{"line":90,"column":50},"end":{"line":90,"column":null}},"type":"cond-expr","locations":[{"start":{"line":90,"column":96},"end":{"line":90,"column":122}},{"start":{"line":90,"column":122},"end":{"line":90,"column":null}}],"line":90},"5":{"loc":{"start":{"line":119,"column":16},"end":{"line":119,"column":null}},"type":"binary-expr","locations":[{"start":{"line":119,"column":16},"end":{"line":119,"column":33}},{"start":{"line":119,"column":33},"end":{"line":119,"column":null}}],"line":119},"6":{"loc":{"start":{"line":120,"column":19},"end":{"line":120,"column":null}},"type":"binary-expr","locations":[{"start":{"line":120,"column":19},"end":{"line":120,"column":39}},{"start":{"line":120,"column":39},"end":{"line":120,"column":null}}],"line":120},"7":{"loc":{"start":{"line":121,"column":16},"end":{"line":121,"column":null}},"type":"binary-expr","locations":[{"start":{"line":121,"column":16},"end":{"line":121,"column":33}},{"start":{"line":121,"column":33},"end":{"line":121,"column":null}}],"line":121},"8":{"loc":{"start":{"line":122,"column":18},"end":{"line":122,"column":null}},"type":"binary-expr","locations":[{"start":{"line":122,"column":18},"end":{"line":122,"column":37}},{"start":{"line":122,"column":37},"end":{"line":122,"column":null}}],"line":122},"9":{"loc":{"start":{"line":123,"column":16},"end":{"line":123,"column":null}},"type":"binary-expr","locations":[{"start":{"line":123,"column":16},"end":{"line":123,"column":34}},{"start":{"line":123,"column":34},"end":{"line":123,"column":null}}],"line":123},"10":{"loc":{"start":{"line":144,"column":27},"end":{"line":150,"column":null}},"type":"cond-expr","locations":[{"start":{"line":145,"column":6},"end":{"line":149,"column":null}},{"start":{"line":150,"column":6},"end":{"line":150,"column":null}}],"line":144},"11":{"loc":{"start":{"line":153,"column":14},"end":{"line":153,"column":41}},"type":"binary-expr","locations":[{"start":{"line":153,"column":14},"end":{"line":153,"column":39}},{"start":{"line":153,"column":39},"end":{"line":153,"column":41}}],"line":153},"12":{"loc":{"start":{"line":155,"column":21},"end":{"line":155,"column":null}},"type":"binary-expr","locations":[{"start":{"line":155,"column":21},"end":{"line":155,"column":44}},{"start":{"line":155,"column":44},"end":{"line":155,"column":null}}],"line":155},"13":{"loc":{"start":{"line":156,"column":16},"end":{"line":156,"column":35}},"type":"binary-expr","locations":[{"start":{"line":156,"column":16},"end":{"line":156,"column":33}},{"start":{"line":156,"column":33},"end":{"line":156,"column":35}}],"line":156},"14":{"loc":{"start":{"line":160,"column":21},"end":{"line":160,"column":42}},"type":"binary-expr","locations":[{"start":{"line":160,"column":21},"end":{"line":160,"column":40}},{"start":{"line":160,"column":40},"end":{"line":160,"column":42}}],"line":160},"15":{"loc":{"start":{"line":163,"column":12},"end":{"line":163,"column":null}},"type":"binary-expr","locations":[{"start":{"line":163,"column":12},"end":{"line":163,"column":33}},{"start":{"line":163,"column":33},"end":{"line":163,"column":null}}],"line":163}},"s":{"0":0,"1":0,"2":0,"3":0,"4":0,"5":0,"6":0,"7":0,"8":0,"9":0,"10":0,"11":0,"12":0,"13":0,"14":0,"15":0,"16":0,"17":0,"18":0,"19":0},"f":{"0":0,"1":0,"2":0,"3":0,"4":0,"5":0,"6":0},"b":{"0":[0,0],"1":[0,0],"2":[0,0],"3":[0,0],"4":[0,0],"5":[0,0],"6":[0,0],"7":[0,0],"8":[0,0],"9":[0,0],"10":[0,0],"11":[0,0],"12":[0,0],"13":[0,0],"14":[0,0],"15":[0,0]},"meta":{"lastBranch":16,"lastFunction":7,"lastStatement":20,"seen":{"f:71:22:71:37":0,"s:72:19:72:Infinity":0,"s:73:38:73:Infinity":1,"s:74:17:74:Infinity":2,"b:76:2:76:Infinity:undefined:undefined:undefined:undefined":0,"s:76:2:76:Infinity":3,"b:76:6:76:15:76:15:76:24":1,"s:76:16:76:Infinity":4,"s:78:28:82:Infinity":5,"b:84:2:84:Infinity:undefined:undefined:undefined:undefined":2,"s:84:2:84:Infinity":6,"s:84:24:84:Infinity":7,"s:86:2:92:Infinity":8,"b:90:14:90:50:90:50:90:Infinity":3,"b:90:96:90:122:90:122:90:Infinity":4,"f:95:22:95:39":1,"s:115:2:127:Infinity":9,"s:116:21:116:Infinity":10,"s:117:4:124:Infinity":11,"b:119:16:119:33:119:33:119:Infinity":5,"b:120:19:120:39:120:39:120:Infinity":6,"b:121:16:121:33:121:33:121:Infinity":7,"b:122:18:122:37:122:37:122:Infinity":8,"b:123:16:123:34:123:34:123:Infinity":9,"f:130:22:130:43":2,"s:131:23:131:Infinity":12,"s:132:39:143:Infinity":13,"s:144:27:150:Infinity":14,"b:145:6:149:Infinity:150:6:150:Infinity":10,"s:152:2:164:Infinity":15,"b:153:14:153:39:153:39:153:41":11,"f:153:64:153:69":3,"s:153:80:162:6":16,"b:155:21:155:44:155:44:155:Infinity":12,"b:156:16:156:33:156:33:156:35":13,"f:157:9:157:15":4,"s:157:24:157:57":17,"f:158:9:158:14":5,"s:158:26:161:10":18,"b:160:21:160:40:160:40:160:42":14,"f:160:44:160:50":6,"s:160:59:160:94":19,"b:163:12:163:33:163:33:163:Infinity":15},"fnNames":{}}}
,"/home/can/Document/movie-stream/lib/utils.ts": {"path":"/home/can/Document/movie-stream/lib/utils.ts","statementMap":{"0":{"start":{"line":5,"column":2},"end":{"line":5,"column":null}}},"fnMap":{"0":{"name":"cn","decl":{"start":{"line":4,"column":16},"end":{"line":4,"column":19}},"loc":{"start":{"line":4,"column":44},"end":{"line":6,"column":null}},"line":4}},"branchMap":{},"s":{"0":0},"f":{"0":0},"b":{},"meta":{"lastBranch":0,"lastFunction":1,"lastStatement":1,"seen":{"f:4:16:4:19":0,"s:5:2:5:Infinity":0},"fnNames":{}}}
,"/home/can/Document/movie-stream/lib/supabase/client.ts": {"path":"/home/can/Document/movie-stream/lib/supabase/client.ts","statementMap":{"0":{"start":{"line":5,"column":15},"end":{"line":5,"column":null}},"1":{"start":{"line":6,"column":2},"end":{"line":6,"column":null}}},"fnMap":{"0":{"name":"createClient","decl":{"start":{"line":4,"column":16},"end":{"line":4,"column":31}},"loc":{"start":{"line":4,"column":31},"end":{"line":7,"column":null}},"line":4}},"branchMap":{},"s":{"0":0,"1":0},"f":{"0":0},"b":{},"meta":{"lastBranch":0,"lastFunction":1,"lastStatement":2,"seen":{"f:4:16:4:31":0,"s:5:15:5:Infinity":0,"s:6:2:6:Infinity":1},"fnNames":{}}}
,"/home/can/Document/movie-stream/lib/supabase/env.ts": {"path":"/home/can/Document/movie-stream/lib/supabase/env.ts","statementMap":{"0":{"start":{"line":2,"column":14},"end":{"line":2,"column":null}},"1":{"start":{"line":3,"column":14},"end":{"line":3,"column":null}},"2":{"start":{"line":5,"column":2},"end":{"line":7,"column":null}},"3":{"start":{"line":6,"column":4},"end":{"line":6,"column":null}},"4":{"start":{"line":9,"column":2},"end":{"line":9,"column":null}}},"fnMap":{"0":{"name":"getSupabaseEnv","decl":{"start":{"line":1,"column":16},"end":{"line":1,"column":33}},"loc":{"start":{"line":1,"column":33},"end":{"line":10,"column":null}},"line":1}},"branchMap":{"0":{"loc":{"start":{"line":3,"column":14},"end":{"line":3,"column":null}},"type":"binary-expr","locations":[{"start":{"line":3,"column":14},"end":{"line":3,"column":66}},{"start":{"line":3,"column":66},"end":{"line":3,"column":null}}],"line":3},"1":{"loc":{"start":{"line":5,"column":2},"end":{"line":7,"column":null}},"type":"if","locations":[{"start":{"line":5,"column":2},"end":{"line":7,"column":null}},{"start":{},"end":{}}],"line":5},"2":{"loc":{"start":{"line":5,"column":6},"end":{"line":5,"column":20}},"type":"binary-expr","locations":[{"start":{"line":5,"column":6},"end":{"line":5,"column":14}},{"start":{"line":5,"column":14},"end":{"line":5,"column":20}}],"line":5}},"s":{"0":0,"1":0,"2":0,"3":0,"4":0},"f":{"0":0},"b":{"0":[0,0],"1":[0,0],"2":[0,0]},"meta":{"lastBranch":3,"lastFunction":1,"lastStatement":5,"seen":{"f:1:16:1:33":0,"s:2:14:2:Infinity":0,"s:3:14:3:Infinity":1,"b:3:14:3:66:3:66:3:Infinity":0,"b:5:2:7:Infinity:undefined:undefined:undefined:undefined":1,"s:5:2:7:Infinity":2,"b:5:6:5:14:5:14:5:20":2,"s:6:4:6:Infinity":3,"s:9:2:9:Infinity":4},"fnNames":{}}}
,"/home/can/Document/movie-stream/lib/supabase/server.ts": {"path":"/home/can/Document/movie-stream/lib/supabase/server.ts","statementMap":{"0":{"start":{"line":8,"column":2},"end":{"line":8,"column":null}},"1":{"start":{"line":9,"column":22},"end":{"line":9,"column":null}},"2":{"start":{"line":10,"column":15},"end":{"line":10,"column":null}},"3":{"start":{"line":12,"column":2},"end":{"line":25,"column":null}},"4":{"start":{"line":15,"column":8},"end":{"line":15,"column":null}},"5":{"start":{"line":18,"column":8},"end":{"line":22,"column":null}},"6":{"start":{"line":19,"column":10},"end":{"line":19,"column":null}},"7":{"start":{"line":19,"column":61},"end":{"line":19,"column":98}}},"fnMap":{"0":{"name":"createClient","decl":{"start":{"line":7,"column":22},"end":{"line":7,"column":37}},"loc":{"start":{"line":7,"column":37},"end":{"line":26,"column":null}},"line":7},"1":{"name":"getAll","decl":{"start":{"line":14,"column":6},"end":{"line":14,"column":15}},"loc":{"start":{"line":14,"column":15},"end":{"line":16,"column":null}},"line":14},"2":{"name":"setAll","decl":{"start":{"line":17,"column":6},"end":{"line":17,"column":13}},"loc":{"start":{"line":17,"column":86},"end":{"line":23,"column":null}},"line":17},"3":{"name":"(anonymous_3)","decl":{"start":{"line":19,"column":23},"end":{"line":19,"column":32}},"loc":{"start":{"line":19,"column":61},"end":{"line":19,"column":98}},"line":19}},"branchMap":{},"s":{"0":0,"1":0,"2":0,"3":0,"4":0,"5":0,"6":0,"7":0},"f":{"0":0,"1":0,"2":0,"3":0},"b":{},"meta":{"lastBranch":0,"lastFunction":4,"lastStatement":8,"seen":{"f:7:22:7:37":0,"s:8:2:8:Infinity":0,"s:9:22:9:Infinity":1,"s:10:15:10:Infinity":2,"s:12:2:25:Infinity":3,"f:14:6:14:15":1,"s:15:8:15:Infinity":4,"f:17:6:17:13":2,"s:18:8:22:Infinity":5,"s:19:10:19:Infinity":6,"f:19:23:19:32":3,"s:19:61:19:98":7},"fnNames":{}}}
}
